This is pdfTeX, Version 3.1415926-2.4-1.40.13 (TeX Live 2012) (format=pdflatex 2012.6.30)  18 NOV 2013 22:09
entering extended mode
 restricted \write18 enabled.
 %&-line parsing enabled.
**TutorialLLVMBackendCpu0.tex
(./TutorialLLVMBackendCpu0.tex
LaTeX2e <2011/06/27>
Babel <v3.8m> and hyphenation patterns for english, dumylang, nohyphenation, ge
rman-x-2012-05-30, ngerman-x-2012-05-30, afrikaans, ancientgreek, ibycus, arabi
c, armenian, basque, bulgarian, catalan, pinyin, coptic, croatian, czech, danis
h, dutch, ukenglish, usenglishmax, esperanto, estonian, ethiopic, farsi, finnis
h, french, friulan, galician, german, ngerman, swissgerman, monogreek, greek, h
ungarian, icelandic, assamese, bengali, gujarati, hindi, kannada, malayalam, ma
rathi, oriya, panjabi, tamil, telugu, indonesian, interlingua, irish, italian, 
kurmanji, latin, latvian, lithuanian, mongolian, mongolianlmc, bokmal, nynorsk,
 polish, portuguese, romanian, romansh, russian, sanskrit, serbian, serbianc, s
lovak, slovenian, spanish, swedish, turkish, turkmen, ukrainian, uppersorbian, 
welsh, loaded.
(./sphinxmanual.cls
Document Class: sphinxmanual 2009/06/02 Document class (Sphinx manual)
(/usr/local/texlive/2012/texmf-dist/tex/latex/base/report.cls
Document Class: report 2007/10/19 v1.4h Standard LaTeX document class
(/usr/local/texlive/2012/texmf-dist/tex/latex/base/size10.clo
File: size10.clo 2007/10/19 v1.4h Standard LaTeX file (size option)
)
\c@part=\count79
\c@chapter=\count80
\c@section=\count81
\c@subsection=\count82
\c@subsubsection=\count83
\c@paragraph=\count84
\c@subparagraph=\count85
\c@figure=\count86
\c@table=\count87
\abovecaptionskip=\skip41
\belowcaptionskip=\skip42
\bibindent=\dimen102
))
(/usr/local/texlive/2012/texmf-dist/tex/latex/base/inputenc.sty
Package: inputenc 2008/03/30 v1.1d Input encoding file
\inpenc@prehook=\toks14
\inpenc@posthook=\toks15

(/usr/local/texlive/2012/texmf-dist/tex/latex/base/utf8.def
File: utf8.def 2008/04/05 v1.1m UTF-8 support for inputenc
Now handling font encoding OML ...
... no UTF-8 mapping file for font encoding OML
Now handling font encoding T1 ...
... processing UTF-8 mapping file for font encoding T1

(/usr/local/texlive/2012/texmf-dist/tex/latex/base/t1enc.dfu
File: t1enc.dfu 2008/04/05 v1.1m UTF-8 support for inputenc
   defining Unicode char U+00A1 (decimal 161)
   defining Unicode char U+00A3 (decimal 163)
   defining Unicode char U+00AB (decimal 171)
   defining Unicode char U+00BB (decimal 187)
   defining Unicode char U+00BF (decimal 191)
   defining Unicode char U+00C0 (decimal 192)
   defining Unicode char U+00C1 (decimal 193)
   defining Unicode char U+00C2 (decimal 194)
   defining Unicode char U+00C3 (decimal 195)
   defining Unicode char U+00C4 (decimal 196)
   defining Unicode char U+00C5 (decimal 197)
   defining Unicode char U+00C6 (decimal 198)
   defining Unicode char U+00C7 (decimal 199)
   defining Unicode char U+00C8 (decimal 200)
   defining Unicode char U+00C9 (decimal 201)
   defining Unicode char U+00CA (decimal 202)
   defining Unicode char U+00CB (decimal 203)
   defining Unicode char U+00CC (decimal 204)
   defining Unicode char U+00CD (decimal 205)
   defining Unicode char U+00CE (decimal 206)
   defining Unicode char U+00CF (decimal 207)
   defining Unicode char U+00D0 (decimal 208)
   defining Unicode char U+00D1 (decimal 209)
   defining Unicode char U+00D2 (decimal 210)
   defining Unicode char U+00D3 (decimal 211)
   defining Unicode char U+00D4 (decimal 212)
   defining Unicode char U+00D5 (decimal 213)
   defining Unicode char U+00D6 (decimal 214)
   defining Unicode char U+00D8 (decimal 216)
   defining Unicode char U+00D9 (decimal 217)
   defining Unicode char U+00DA (decimal 218)
   defining Unicode char U+00DB (decimal 219)
   defining Unicode char U+00DC (decimal 220)
   defining Unicode char U+00DD (decimal 221)
   defining Unicode char U+00DE (decimal 222)
   defining Unicode char U+00DF (decimal 223)
   defining Unicode char U+00E0 (decimal 224)
   defining Unicode char U+00E1 (decimal 225)
   defining Unicode char U+00E2 (decimal 226)
   defining Unicode char U+00E3 (decimal 227)
   defining Unicode char U+00E4 (decimal 228)
   defining Unicode char U+00E5 (decimal 229)
   defining Unicode char U+00E6 (decimal 230)
   defining Unicode char U+00E7 (decimal 231)
   defining Unicode char U+00E8 (decimal 232)
   defining Unicode char U+00E9 (decimal 233)
   defining Unicode char U+00EA (decimal 234)
   defining Unicode char U+00EB (decimal 235)
   defining Unicode char U+00EC (decimal 236)
   defining Unicode char U+00ED (decimal 237)
   defining Unicode char U+00EE (decimal 238)
   defining Unicode char U+00EF (decimal 239)
   defining Unicode char U+00F0 (decimal 240)
   defining Unicode char U+00F1 (decimal 241)
   defining Unicode char U+00F2 (decimal 242)
   defining Unicode char U+00F3 (decimal 243)
   defining Unicode char U+00F4 (decimal 244)
   defining Unicode char U+00F5 (decimal 245)
   defining Unicode char U+00F6 (decimal 246)
   defining Unicode char U+00F8 (decimal 248)
   defining Unicode char U+00F9 (decimal 249)
   defining Unicode char U+00FA (decimal 250)
   defining Unicode char U+00FB (decimal 251)
   defining Unicode char U+00FC (decimal 252)
   defining Unicode char U+00FD (decimal 253)
   defining Unicode char U+00FE (decimal 254)
   defining Unicode char U+00FF (decimal 255)
   defining Unicode char U+0102 (decimal 258)
   defining Unicode char U+0103 (decimal 259)
   defining Unicode char U+0104 (decimal 260)
   defining Unicode char U+0105 (decimal 261)
   defining Unicode char U+0106 (decimal 262)
   defining Unicode char U+0107 (decimal 263)
   defining Unicode char U+010C (decimal 268)
   defining Unicode char U+010D (decimal 269)
   defining Unicode char U+010E (decimal 270)
   defining Unicode char U+010F (decimal 271)
   defining Unicode char U+0110 (decimal 272)
   defining Unicode char U+0111 (decimal 273)
   defining Unicode char U+0118 (decimal 280)
   defining Unicode char U+0119 (decimal 281)
   defining Unicode char U+011A (decimal 282)
   defining Unicode char U+011B (decimal 283)
   defining Unicode char U+011E (decimal 286)
   defining Unicode char U+011F (decimal 287)
   defining Unicode char U+0130 (decimal 304)
   defining Unicode char U+0131 (decimal 305)
   defining Unicode char U+0132 (decimal 306)
   defining Unicode char U+0133 (decimal 307)
   defining Unicode char U+0139 (decimal 313)
   defining Unicode char U+013A (decimal 314)
   defining Unicode char U+013D (decimal 317)
   defining Unicode char U+013E (decimal 318)
   defining Unicode char U+0141 (decimal 321)
   defining Unicode char U+0142 (decimal 322)
   defining Unicode char U+0143 (decimal 323)
   defining Unicode char U+0144 (decimal 324)
   defining Unicode char U+0147 (decimal 327)
   defining Unicode char U+0148 (decimal 328)
   defining Unicode char U+014A (decimal 330)
   defining Unicode char U+014B (decimal 331)
   defining Unicode char U+0150 (decimal 336)
   defining Unicode char U+0151 (decimal 337)
   defining Unicode char U+0152 (decimal 338)
   defining Unicode char U+0153 (decimal 339)
   defining Unicode char U+0154 (decimal 340)
   defining Unicode char U+0155 (decimal 341)
   defining Unicode char U+0158 (decimal 344)
   defining Unicode char U+0159 (decimal 345)
   defining Unicode char U+015A (decimal 346)
   defining Unicode char U+015B (decimal 347)
   defining Unicode char U+015E (decimal 350)
   defining Unicode char U+015F (decimal 351)
   defining Unicode char U+0160 (decimal 352)
   defining Unicode char U+0161 (decimal 353)
   defining Unicode char U+0162 (decimal 354)
   defining Unicode char U+0163 (decimal 355)
   defining Unicode char U+0164 (decimal 356)
   defining Unicode char U+0165 (decimal 357)
   defining Unicode char U+016E (decimal 366)
   defining Unicode char U+016F (decimal 367)
   defining Unicode char U+0170 (decimal 368)
   defining Unicode char U+0171 (decimal 369)
   defining Unicode char U+0178 (decimal 376)
   defining Unicode char U+0179 (decimal 377)
   defining Unicode char U+017A (decimal 378)
   defining Unicode char U+017B (decimal 379)
   defining Unicode char U+017C (decimal 380)
   defining Unicode char U+017D (decimal 381)
   defining Unicode char U+017E (decimal 382)
   defining Unicode char U+200C (decimal 8204)
   defining Unicode char U+2013 (decimal 8211)
   defining Unicode char U+2014 (decimal 8212)
   defining Unicode char U+2018 (decimal 8216)
   defining Unicode char U+2019 (decimal 8217)
   defining Unicode char U+201A (decimal 8218)
   defining Unicode char U+201C (decimal 8220)
   defining Unicode char U+201D (decimal 8221)
   defining Unicode char U+201E (decimal 8222)
   defining Unicode char U+2030 (decimal 8240)
   defining Unicode char U+2031 (decimal 8241)
   defining Unicode char U+2039 (decimal 8249)
   defining Unicode char U+203A (decimal 8250)
   defining Unicode char U+2423 (decimal 9251)
)
Now handling font encoding OT1 ...
... processing UTF-8 mapping file for font encoding OT1

(/usr/local/texlive/2012/texmf-dist/tex/latex/base/ot1enc.dfu
File: ot1enc.dfu 2008/04/05 v1.1m UTF-8 support for inputenc
   defining Unicode char U+00A1 (decimal 161)
   defining Unicode char U+00A3 (decimal 163)
   defining Unicode char U+00B8 (decimal 184)
   defining Unicode char U+00BF (decimal 191)
   defining Unicode char U+00C5 (decimal 197)
   defining Unicode char U+00C6 (decimal 198)
   defining Unicode char U+00D8 (decimal 216)
   defining Unicode char U+00DF (decimal 223)
   defining Unicode char U+00E6 (decimal 230)
   defining Unicode char U+00EC (decimal 236)
   defining Unicode char U+00ED (decimal 237)
   defining Unicode char U+00EE (decimal 238)
   defining Unicode char U+00EF (decimal 239)
   defining Unicode char U+00F8 (decimal 248)
   defining Unicode char U+0131 (decimal 305)
   defining Unicode char U+0141 (decimal 321)
   defining Unicode char U+0142 (decimal 322)
   defining Unicode char U+0152 (decimal 338)
   defining Unicode char U+0153 (decimal 339)
   defining Unicode char U+2013 (decimal 8211)
   defining Unicode char U+2014 (decimal 8212)
   defining Unicode char U+2018 (decimal 8216)
   defining Unicode char U+2019 (decimal 8217)
   defining Unicode char U+201C (decimal 8220)
   defining Unicode char U+201D (decimal 8221)
)
Now handling font encoding OMS ...
... processing UTF-8 mapping file for font encoding OMS

(/usr/local/texlive/2012/texmf-dist/tex/latex/base/omsenc.dfu
File: omsenc.dfu 2008/04/05 v1.1m UTF-8 support for inputenc
   defining Unicode char U+00A7 (decimal 167)
   defining Unicode char U+00B6 (decimal 182)
   defining Unicode char U+00B7 (decimal 183)
   defining Unicode char U+2020 (decimal 8224)
   defining Unicode char U+2021 (decimal 8225)
   defining Unicode char U+2022 (decimal 8226)
)
Now handling font encoding OMX ...
... no UTF-8 mapping file for font encoding OMX
Now handling font encoding U ...
... no UTF-8 mapping file for font encoding U
   defining Unicode char U+00A9 (decimal 169)
   defining Unicode char U+00AA (decimal 170)
   defining Unicode char U+00AE (decimal 174)
   defining Unicode char U+00BA (decimal 186)
   defining Unicode char U+02C6 (decimal 710)
   defining Unicode char U+02DC (decimal 732)
   defining Unicode char U+200C (decimal 8204)
   defining Unicode char U+2026 (decimal 8230)
   defining Unicode char U+2122 (decimal 8482)
   defining Unicode char U+2423 (decimal 9251)
))
   defining Unicode char U+00A0 (decimal 160)

(/usr/local/texlive/2012/texmf-dist/tex/latex/base/fontenc.sty
Package: fontenc 2005/09/27 v1.99g Standard LaTeX package

(/usr/local/texlive/2012/texmf-dist/tex/latex/base/t1enc.def
File: t1enc.def 2005/09/27 v1.99g Standard LaTeX file
LaTeX Font Info:    Redeclaring font encoding T1 on input line 43.
))
(/usr/local/texlive/2012/texmf-dist/tex/generic/babel/babel.sty
Package: babel 2008/07/08 v3.8m The Babel package

(/usr/local/texlive/2012/texmf-dist/tex/generic/babel/english.ldf
Language: english 2005/03/30 v3.3o English support from the babel system

(/usr/local/texlive/2012/texmf-dist/tex/generic/babel/babel.def
File: babel.def 2008/07/08 v3.8m Babel common definitions
\babel@savecnt=\count88
\U@D=\dimen103
)
\l@canadian = a dialect from \language\l@american 
\l@australian = a dialect from \language\l@british 
\l@newzealand = a dialect from \language\l@british 
))
(/usr/local/texlive/2012/texmf-dist/tex/latex/psnfss/times.sty
Package: times 2005/04/12 PSNFSS-v9.2a (SPQR) 
) (./fncychap.sty
Package: fncychap 2007/07/30 v1.34 LaTeX package (Revised chapters)
\RW=\skip43
\mylen=\skip44
\myhi=\skip45
\px=\skip46
\py=\skip47
\pyy=\skip48
\pxx=\skip49
\c@AlphaCnt=\count89
\c@AlphaDecCnt=\count90
) (/usr/local/texlive/2012/texmf-dist/tex/latex/tools/longtable.sty
Package: longtable 2004/02/01 v4.11 Multi-page Table package (DPC)
\LTleft=\skip50
\LTright=\skip51
\LTpre=\skip52
\LTpost=\skip53
\LTchunksize=\count91
\LTcapwidth=\dimen104
\LT@head=\box26
\LT@firsthead=\box27
\LT@foot=\box28
\LT@lastfoot=\box29
\LT@cols=\count92
\LT@rows=\count93
\c@LT@tables=\count94
\c@LT@chunks=\count95
\LT@p@ftn=\toks16
)
(./sphinx.sty
Package: sphinx 2010/01/15 LaTeX package (Sphinx markup)
 (/usr/local/texlive/2012/texmf-dist/tex/latex/base/textcomp.sty
Package: textcomp 2005/09/27 v1.99g Standard LaTeX package
Package textcomp Info: Sub-encoding information:
(textcomp)               5 = only ISO-Adobe without \textcurrency
(textcomp)               4 = 5 + \texteuro
(textcomp)               3 = 4 + \textohm
(textcomp)               2 = 3 + \textestimated + \textcurrency
(textcomp)               1 = TS1 - \textcircled - \t
(textcomp)               0 = TS1 (full)
(textcomp)             Font families with sub-encoding setting implement
(textcomp)             only a restricted character set as indicated.
(textcomp)             Family '?' is the default used for unknown fonts.
(textcomp)             See the documentation for details.
Package textcomp Info: Setting ? sub-encoding to TS1/1 on input line 71.

(/usr/local/texlive/2012/texmf-dist/tex/latex/base/ts1enc.def
File: ts1enc.def 2001/06/05 v3.0e (jk/car/fm) Standard LaTeX file
Now handling font encoding TS1 ...
... processing UTF-8 mapping file for font encoding TS1

(/usr/local/texlive/2012/texmf-dist/tex/latex/base/ts1enc.dfu
File: ts1enc.dfu 2008/04/05 v1.1m UTF-8 support for inputenc
   defining Unicode char U+00A2 (decimal 162)
   defining Unicode char U+00A3 (decimal 163)
   defining Unicode char U+00A4 (decimal 164)
   defining Unicode char U+00A5 (decimal 165)
   defining Unicode char U+00A6 (decimal 166)
   defining Unicode char U+00A7 (decimal 167)
   defining Unicode char U+00A8 (decimal 168)
   defining Unicode char U+00A9 (decimal 169)
   defining Unicode char U+00AA (decimal 170)
   defining Unicode char U+00AC (decimal 172)
   defining Unicode char U+00AE (decimal 174)
   defining Unicode char U+00AF (decimal 175)
   defining Unicode char U+00B0 (decimal 176)
   defining Unicode char U+00B1 (decimal 177)
   defining Unicode char U+00B2 (decimal 178)
   defining Unicode char U+00B3 (decimal 179)
   defining Unicode char U+00B4 (decimal 180)
   defining Unicode char U+00B5 (decimal 181)
   defining Unicode char U+00B6 (decimal 182)
   defining Unicode char U+00B7 (decimal 183)
   defining Unicode char U+00B9 (decimal 185)
   defining Unicode char U+00BA (decimal 186)
   defining Unicode char U+00BC (decimal 188)
   defining Unicode char U+00BD (decimal 189)
   defining Unicode char U+00BE (decimal 190)
   defining Unicode char U+00D7 (decimal 215)
   defining Unicode char U+00F7 (decimal 247)
   defining Unicode char U+0192 (decimal 402)
   defining Unicode char U+02C7 (decimal 711)
   defining Unicode char U+02D8 (decimal 728)
   defining Unicode char U+02DD (decimal 733)
   defining Unicode char U+0E3F (decimal 3647)
   defining Unicode char U+2016 (decimal 8214)
   defining Unicode char U+2020 (decimal 8224)
   defining Unicode char U+2021 (decimal 8225)
   defining Unicode char U+2022 (decimal 8226)
   defining Unicode char U+2030 (decimal 8240)
   defining Unicode char U+2031 (decimal 8241)
   defining Unicode char U+203B (decimal 8251)
   defining Unicode char U+203D (decimal 8253)
   defining Unicode char U+2044 (decimal 8260)
   defining Unicode char U+204E (decimal 8270)
   defining Unicode char U+2052 (decimal 8274)
   defining Unicode char U+20A1 (decimal 8353)
   defining Unicode char U+20A4 (decimal 8356)
   defining Unicode char U+20A6 (decimal 8358)
   defining Unicode char U+20A9 (decimal 8361)
   defining Unicode char U+20AB (decimal 8363)
   defining Unicode char U+20AC (decimal 8364)
   defining Unicode char U+20B1 (decimal 8369)
   defining Unicode char U+2103 (decimal 8451)
   defining Unicode char U+2116 (decimal 8470)
   defining Unicode char U+2117 (decimal 8471)
   defining Unicode char U+211E (decimal 8478)
   defining Unicode char U+2120 (decimal 8480)
   defining Unicode char U+2122 (decimal 8482)
   defining Unicode char U+2126 (decimal 8486)
   defining Unicode char U+2127 (decimal 8487)
   defining Unicode char U+212E (decimal 8494)
   defining Unicode char U+2190 (decimal 8592)
   defining Unicode char U+2191 (decimal 8593)
   defining Unicode char U+2192 (decimal 8594)
   defining Unicode char U+2193 (decimal 8595)
   defining Unicode char U+2329 (decimal 9001)
   defining Unicode char U+232A (decimal 9002)
   defining Unicode char U+2422 (decimal 9250)
   defining Unicode char U+25E6 (decimal 9702)
   defining Unicode char U+25EF (decimal 9711)
   defining Unicode char U+266A (decimal 9834)
))
LaTeX Info: Redefining \oldstylenums on input line 266.
Package textcomp Info: Setting cmr sub-encoding to TS1/0 on input line 281.
Package textcomp Info: Setting cmss sub-encoding to TS1/0 on input line 282.
Package textcomp Info: Setting cmtt sub-encoding to TS1/0 on input line 283.
Package textcomp Info: Setting cmvtt sub-encoding to TS1/0 on input line 284.
Package textcomp Info: Setting cmbr sub-encoding to TS1/0 on input line 285.
Package textcomp Info: Setting cmtl sub-encoding to TS1/0 on input line 286.
Package textcomp Info: Setting ccr sub-encoding to TS1/0 on input line 287.
Package textcomp Info: Setting ptm sub-encoding to TS1/4 on input line 288.
Package textcomp Info: Setting pcr sub-encoding to TS1/4 on input line 289.
Package textcomp Info: Setting phv sub-encoding to TS1/4 on input line 290.
Package textcomp Info: Setting ppl sub-encoding to TS1/3 on input line 291.
Package textcomp Info: Setting pag sub-encoding to TS1/4 on input line 292.
Package textcomp Info: Setting pbk sub-encoding to TS1/4 on input line 293.
Package textcomp Info: Setting pnc sub-encoding to TS1/4 on input line 294.
Package textcomp Info: Setting pzc sub-encoding to TS1/4 on input line 295.
Package textcomp Info: Setting bch sub-encoding to TS1/4 on input line 296.
Package textcomp Info: Setting put sub-encoding to TS1/5 on input line 297.
Package textcomp Info: Setting uag sub-encoding to TS1/5 on input line 298.
Package textcomp Info: Setting ugq sub-encoding to TS1/5 on input line 299.
Package textcomp Info: Setting ul8 sub-encoding to TS1/4 on input line 300.
Package textcomp Info: Setting ul9 sub-encoding to TS1/4 on input line 301.
Package textcomp Info: Setting augie sub-encoding to TS1/5 on input line 302.
Package textcomp Info: Setting dayrom sub-encoding to TS1/3 on input line 303.
Package textcomp Info: Setting dayroms sub-encoding to TS1/3 on input line 304.

Package textcomp Info: Setting pxr sub-encoding to TS1/0 on input line 305.
Package textcomp Info: Setting pxss sub-encoding to TS1/0 on input line 306.
Package textcomp Info: Setting pxtt sub-encoding to TS1/0 on input line 307.
Package textcomp Info: Setting txr sub-encoding to TS1/0 on input line 308.
Package textcomp Info: Setting txss sub-encoding to TS1/0 on input line 309.
Package textcomp Info: Setting txtt sub-encoding to TS1/0 on input line 310.
Package textcomp Info: Setting lmr sub-encoding to TS1/0 on input line 311.
Package textcomp Info: Setting lmdh sub-encoding to TS1/0 on input line 312.
Package textcomp Info: Setting lmss sub-encoding to TS1/0 on input line 313.
Package textcomp Info: Setting lmssq sub-encoding to TS1/0 on input line 314.
Package textcomp Info: Setting lmvtt sub-encoding to TS1/0 on input line 315.
Package textcomp Info: Setting qhv sub-encoding to TS1/0 on input line 316.
Package textcomp Info: Setting qag sub-encoding to TS1/0 on input line 317.
Package textcomp Info: Setting qbk sub-encoding to TS1/0 on input line 318.
Package textcomp Info: Setting qcr sub-encoding to TS1/0 on input line 319.
Package textcomp Info: Setting qcs sub-encoding to TS1/0 on input line 320.
Package textcomp Info: Setting qpl sub-encoding to TS1/0 on input line 321.
Package textcomp Info: Setting qtm sub-encoding to TS1/0 on input line 322.
Package textcomp Info: Setting qzc sub-encoding to TS1/0 on input line 323.
Package textcomp Info: Setting qhvc sub-encoding to TS1/0 on input line 324.
Package textcomp Info: Setting futs sub-encoding to TS1/4 on input line 325.
Package textcomp Info: Setting futx sub-encoding to TS1/4 on input line 326.
Package textcomp Info: Setting futj sub-encoding to TS1/4 on input line 327.
Package textcomp Info: Setting hlh sub-encoding to TS1/3 on input line 328.
Package textcomp Info: Setting hls sub-encoding to TS1/3 on input line 329.
Package textcomp Info: Setting hlst sub-encoding to TS1/3 on input line 330.
Package textcomp Info: Setting hlct sub-encoding to TS1/5 on input line 331.
Package textcomp Info: Setting hlx sub-encoding to TS1/5 on input line 332.
Package textcomp Info: Setting hlce sub-encoding to TS1/5 on input line 333.
Package textcomp Info: Setting hlcn sub-encoding to TS1/5 on input line 334.
Package textcomp Info: Setting hlcw sub-encoding to TS1/5 on input line 335.
Package textcomp Info: Setting hlcf sub-encoding to TS1/5 on input line 336.
Package textcomp Info: Setting pplx sub-encoding to TS1/3 on input line 337.
Package textcomp Info: Setting pplj sub-encoding to TS1/3 on input line 338.
Package textcomp Info: Setting ptmx sub-encoding to TS1/4 on input line 339.
Package textcomp Info: Setting ptmj sub-encoding to TS1/4 on input line 340.
)
(/usr/local/texlive/2012/texmf-dist/tex/latex/fancyhdr/fancyhdr.sty
\fancy@headwidth=\skip54
\f@ncyO@elh=\skip55
\f@ncyO@erh=\skip56
\f@ncyO@olh=\skip57
\f@ncyO@orh=\skip58
\f@ncyO@elf=\skip59
\f@ncyO@erf=\skip60
\f@ncyO@olf=\skip61
\f@ncyO@orf=\skip62
)
(/usr/local/texlive/2012/texmf-dist/tex/latex/fancybox/fancybox.sty
Package: fancybox 2010/05/15 1.4

Style option: `fancybox' v1.4 <2010/05/15> (tvz)
\@fancybox=\box30
\shadowsize=\dimen105
\@Sbox=\box31
\do@VerbBox=\toks17
\the@fancyput=\toks18
\this@fancyput=\toks19
\EndVerbatimTokens=\toks20
\Verbatim@Outfile=\write3
\Verbatim@Infile=\read1
) (/usr/local/texlive/2012/texmf-dist/tex/latex/titlesec/titlesec.sty
Package: titlesec 2011/12/15 v2.10.0 Sectioning titles
\ttl@box=\box32
\beforetitleunit=\skip63
\aftertitleunit=\skip64
\ttl@plus=\dimen106
\ttl@minus=\dimen107
\ttl@toksa=\toks21
\titlewidth=\dimen108
\titlewidthlast=\dimen109
\titlewidthfirst=\dimen110
)
(./tabulary.sty
Package: tabulary 2007/10/02 v0.9 tabulary package (DPC)
 (/usr/local/texlive/2012/texmf-dist/tex/latex/tools/array.sty
Package: array 2008/09/09 v2.4c Tabular extension package (FMi)
\col@sep=\dimen111
\extrarowheight=\dimen112
\NC@list=\toks22
\extratabsurround=\skip65
\backup@length=\skip66
)
\TY@count=\count96
\TY@linewidth=\dimen113
\tymin=\dimen114
\tymax=\dimen115
\TY@tablewidth=\dimen116
) (/usr/local/texlive/2012/texmf-dist/tex/latex/amsmath/amsmath.sty
Package: amsmath 2000/07/18 v2.13 AMS math features
\@mathmargin=\skip67

For additional information on amsmath, use the `?' option.
(/usr/local/texlive/2012/texmf-dist/tex/latex/amsmath/amstext.sty
Package: amstext 2000/06/29 v2.01

(/usr/local/texlive/2012/texmf-dist/tex/latex/amsmath/amsgen.sty
File: amsgen.sty 1999/11/30 v2.0
\@emptytoks=\toks23
\ex@=\dimen117
))
(/usr/local/texlive/2012/texmf-dist/tex/latex/amsmath/amsbsy.sty
Package: amsbsy 1999/11/29 v1.2d
\pmbraise@=\dimen118
)
(/usr/local/texlive/2012/texmf-dist/tex/latex/amsmath/amsopn.sty
Package: amsopn 1999/12/14 v2.01 operator names
)
\inf@bad=\count97
LaTeX Info: Redefining \frac on input line 211.
\uproot@=\count98
\leftroot@=\count99
LaTeX Info: Redefining \overline on input line 307.
\classnum@=\count100
\DOTSCASE@=\count101
LaTeX Info: Redefining \ldots on input line 379.
LaTeX Info: Redefining \dots on input line 382.
LaTeX Info: Redefining \cdots on input line 467.
\Mathstrutbox@=\box33
\strutbox@=\box34
\big@size=\dimen119
LaTeX Font Info:    Redeclaring font encoding OML on input line 567.
LaTeX Font Info:    Redeclaring font encoding OMS on input line 568.
\macc@depth=\count102
\c@MaxMatrixCols=\count103
\dotsspace@=\muskip10
\c@parentequation=\count104
\dspbrk@lvl=\count105
\tag@help=\toks24
\row@=\count106
\column@=\count107
\maxfields@=\count108
\andhelp@=\toks25
\eqnshift@=\dimen120
\alignsep@=\dimen121
\tagshift@=\dimen122
\tagwidth@=\dimen123
\totwidth@=\dimen124
\lineht@=\dimen125
\@envbody=\toks26
\multlinegap=\skip68
\multlinetaggap=\skip69
\mathdisplay@stack=\toks27
LaTeX Info: Redefining \[ on input line 2666.
LaTeX Info: Redefining \] on input line 2667.
)
(/usr/local/texlive/2012/texmf-dist/tex/latex/base/makeidx.sty
Package: makeidx 2000/03/29 v1.0m Standard LaTeX package
)
(/usr/local/texlive/2012/texmf-dist/tex/latex/framed/framed.sty
Package: framed 2011/10/22 v 0.96: framed or shaded text with page breaks
\OuterFrameSep=\skip70
\fb@frw=\dimen126
\fb@frh=\dimen127
\FrameRule=\dimen128
\FrameSep=\dimen129
)
(/usr/local/texlive/2012/texmf-dist/tex/latex/base/ifthen.sty
Package: ifthen 2001/05/26 v1.1c Standard LaTeX ifthen package (DPC)
)
(/usr/local/texlive/2012/texmf-dist/tex/latex/graphics/color.sty
Package: color 2005/11/14 v1.0j Standard LaTeX Color (DPC)

(/usr/local/texlive/2012/texmf-dist/tex/latex/latexconfig/color.cfg
File: color.cfg 2007/01/18 v1.5 color configuration of teTeX/TeXLive
)
Package color Info: Driver file: pdftex.def on input line 130.

(/usr/local/texlive/2012/texmf-dist/tex/latex/pdftex-def/pdftex.def
File: pdftex.def 2011/05/27 v0.06d Graphics/color for pdfTeX

(/usr/local/texlive/2012/texmf-dist/tex/generic/oberdiek/infwarerr.sty
Package: infwarerr 2010/04/08 v1.3 Providing info/warning/error messages (HO)
)
(/usr/local/texlive/2012/texmf-dist/tex/generic/oberdiek/ltxcmds.sty
Package: ltxcmds 2011/11/09 v1.22 LaTeX kernel commands for general use (HO)
)
\Gread@gobject=\count109
))
(/usr/local/texlive/2012/texmf-dist/tex/latex/fancyvrb/fancyvrb.sty
Package: fancyvrb 2008/02/07

Style option: `fancyvrb' v2.7a, with DG/SPQR fixes, and firstline=lastline fix 
<2008/02/07> (tvz)
(/usr/local/texlive/2012/texmf-dist/tex/latex/graphics/keyval.sty
Package: keyval 1999/03/16 v1.13 key=value parser (DPC)
\KV@toks@=\toks28
)
\FV@CodeLineNo=\count110
\FV@InFile=\read2
\FV@TabBox=\box35
\c@FancyVerbLine=\count111
\FV@StepNumber=\count112
\FV@OutFile=\write4
)
(/usr/local/texlive/2012/texmf-dist/tex/latex/threeparttable/threeparttable.sty
Package: threeparttable 2003/06/13  v 3.0
\@tempboxb=\box36
) (/usr/local/texlive/2012/texmf-dist/tex/latex/mdwtools/footnote.sty
Package: footnote 1997/01/28 1.13 Save footnotes around boxes
\fn@notes=\box37
\fn@width=\dimen130
)
(/usr/local/texlive/2012/texmf-dist/tex/latex/wrapfig/wrapfig.sty
\wrapoverhang=\dimen131
\WF@size=\dimen132
\c@WF@wrappedlines=\count113
\WF@box=\box38
\WF@everypar=\toks29
Package: wrapfig 2003/01/31  v 3.6
)
(/usr/local/texlive/2012/texmf-dist/tex/latex/parskip/parskip.sty
Package: parskip 2001/04/09 non-zero parskip adjustments
)
(/usr/local/texlive/2012/texmf-dist/tex/latex/graphics/graphicx.sty
Package: graphicx 1999/02/16 v1.0f Enhanced LaTeX Graphics (DPC,SPQR)

(/usr/local/texlive/2012/texmf-dist/tex/latex/graphics/graphics.sty
Package: graphics 2009/02/05 v1.0o Standard LaTeX Graphics (DPC,SPQR)

(/usr/local/texlive/2012/texmf-dist/tex/latex/graphics/trig.sty
Package: trig 1999/03/16 v1.09 sin cos tan (DPC)
)
(/usr/local/texlive/2012/texmf-dist/tex/latex/latexconfig/graphics.cfg
File: graphics.cfg 2010/04/23 v1.9 graphics configuration of TeX Live
)
Package graphics Info: Driver file: pdftex.def on input line 91.
)
\Gin@req@height=\dimen133
\Gin@req@width=\dimen134
)
(/usr/local/texlive/2012/texmf-dist/tex/plain/misc/pdfcolor.tex)
\distancetoright=\skip71
\py@argswidth=\skip72
\py@noticelength=\skip73
\lineblockindentation=\skip74
\image@box=\box39
\image@width=\dimen135

(/usr/local/texlive/2012/texmf-dist/tex/latex/hyperref/hyperref.sty
Package: hyperref 2012/05/13 v6.82q Hypertext links for LaTeX

(/usr/local/texlive/2012/texmf-dist/tex/generic/oberdiek/hobsub-hyperref.sty
Package: hobsub-hyperref 2012/05/28 v1.13 Bundle oberdiek, subset hyperref (HO)


(/usr/local/texlive/2012/texmf-dist/tex/generic/oberdiek/hobsub-generic.sty
Package: hobsub-generic 2012/05/28 v1.13 Bundle oberdiek, subset generic (HO)
Package: hobsub 2012/05/28 v1.13 Construct package bundles (HO)
Package hobsub Info: Skipping package `infwarerr' (already loaded).
Package hobsub Info: Skipping package `ltxcmds' (already loaded).
Package: ifluatex 2010/03/01 v1.3 Provides the ifluatex switch (HO)
Package ifluatex Info: LuaTeX not detected.
Package: ifvtex 2010/03/01 v1.5 Detect VTeX and its facilities (HO)
Package ifvtex Info: VTeX not detected.
Package: intcalc 2007/09/27 v1.1 Expandable calculations with integers (HO)
Package: ifpdf 2011/01/30 v2.3 Provides the ifpdf switch (HO)
Package ifpdf Info: pdfTeX in PDF mode is detected.
Package: etexcmds 2011/02/16 v1.5 Avoid name clashes with e-TeX commands (HO)
Package etexcmds Info: Could not find \expanded.
(etexcmds)             That can mean that you are not using pdfTeX 1.50 or
(etexcmds)             that some package has redefined \expanded.
(etexcmds)             In the latter case, load this package earlier.
Package: kvsetkeys 2012/04/25 v1.16 Key value parser (HO)
Package: kvdefinekeys 2011/04/07 v1.3 Define keys (HO)
Package: pdftexcmds 2011/11/29 v0.20 Utility functions of pdfTeX for LuaTeX (HO
)
Package pdftexcmds Info: LuaTeX not detected.
Package pdftexcmds Info: \pdf@primitive is available.
Package pdftexcmds Info: \pdf@ifprimitive is available.
Package pdftexcmds Info: \pdfdraftmode found.
Package: pdfescape 2011/11/25 v1.13 Implements pdfTeX's escape features (HO)
Package: bigintcalc 2012/04/08 v1.3 Expandable calculations on big integers (HO
)
Package: bitset 2011/01/30 v1.1 Handle bit-vector datatype (HO)
Package: uniquecounter 2011/01/30 v1.2 Provide unlimited unique counter (HO)
)
Package hobsub Info: Skipping package `hobsub' (already loaded).
Package: letltxmacro 2010/09/02 v1.4 Let assignment for LaTeX macros (HO)
Package: hopatch 2012/05/28 v1.2 Wrapper for package hooks (HO)
Package: xcolor-patch 2011/01/30 xcolor patch
Package: atveryend 2011/06/30 v1.8 Hooks at the very end of document (HO)
Package atveryend Info: \enddocument detected (standard20110627).
Package: atbegshi 2011/10/05 v1.16 At begin shipout hook (HO)
Package: refcount 2011/10/16 v3.4 Data extraction from label references (HO)
Package: hycolor 2011/01/30 v1.7 Color options for hyperref/bookmark (HO)
)
(/usr/local/texlive/2012/texmf-dist/tex/generic/ifxetex/ifxetex.sty
Package: ifxetex 2010/09/12 v0.6 Provides ifxetex conditional
)
(/usr/local/texlive/2012/texmf-dist/tex/latex/oberdiek/kvoptions.sty
Package: kvoptions 2011/06/30 v3.11 Key value format for package options (HO)
)
\@linkdim=\dimen136
\Hy@linkcounter=\count114
\Hy@pagecounter=\count115

(/usr/local/texlive/2012/texmf-dist/tex/latex/hyperref/pd1enc.def
File: pd1enc.def 2012/05/13 v6.82q Hyperref: PDFDocEncoding definition (HO)
Now handling font encoding PD1 ...
... no UTF-8 mapping file for font encoding PD1
)
\Hy@SavedSpaceFactor=\count116

(/usr/local/texlive/2012/texmf-dist/tex/latex/latexconfig/hyperref.cfg
File: hyperref.cfg 2002/06/06 v1.2 hyperref configuration of TeXLive
)
Package hyperref Info: Option `colorlinks' set `true' on input line 3941.
Package hyperref Info: Option `breaklinks' set `true' on input line 3941.
Package hyperref Info: Hyper figures OFF on input line 4062.
Package hyperref Info: Link nesting OFF on input line 4067.
Package hyperref Info: Hyper index ON on input line 4070.
Package hyperref Info: Plain pages OFF on input line 4077.
Package hyperref Info: Backreferencing OFF on input line 4082.
Package hyperref Info: Implicit mode ON; LaTeX internals redefined.
Package hyperref Info: Bookmarks ON on input line 4300.
\c@Hy@tempcnt=\count117

(/usr/local/texlive/2012/texmf-dist/tex/latex/url/url.sty
\Urlmuskip=\muskip11
Package: url 2006/04/12  ver 3.3  Verb mode for urls, etc.
)
LaTeX Info: Redefining \url on input line 4653.
\Fld@menulength=\count118
\Field@Width=\dimen137
\Fld@charsize=\dimen138
Package hyperref Info: Hyper figures OFF on input line 5773.
Package hyperref Info: Link nesting OFF on input line 5778.
Package hyperref Info: Hyper index ON on input line 5781.
Package hyperref Info: backreferencing OFF on input line 5788.
Package hyperref Info: Link coloring ON on input line 5791.
Package hyperref Info: Link coloring with OCG OFF on input line 5798.
Package hyperref Info: PDF/A mode OFF on input line 5803.
LaTeX Info: Redefining \ref on input line 5843.
LaTeX Info: Redefining \pageref on input line 5847.
\Hy@abspage=\count119
\c@Item=\count120
\c@Hfootnote=\count121
)

Package hyperref Message: Driver (autodetected): hpdftex.

(/usr/local/texlive/2012/texmf-dist/tex/latex/hyperref/hpdftex.def
File: hpdftex.def 2012/05/13 v6.82q Hyperref driver for pdfTeX
\Fld@listcount=\count122
\c@bookmark@seq@number=\count123

(/usr/local/texlive/2012/texmf-dist/tex/latex/oberdiek/rerunfilecheck.sty
Package: rerunfilecheck 2011/04/15 v1.7 Rerun checks for auxiliary files (HO)
Package uniquecounter Info: New unique counter `rerunfilecheck' on input line 2
82.
)
\Hy@SectionHShift=\skip75
)
(/usr/local/texlive/2012/texmf-dist/tex/latex/oberdiek/hypcap.sty
Package: hypcap 2011/02/16 v1.11 Adjusting the anchors of captions (HO)
)
\DUlineblockindent=\skip76
)
(/usr/local/texlive/2012/texmf-dist/tex/latex/multirow/multirow.sty
\bigstrutjot=\dimen139
)
\@indexfile=\write5
\openout5 = `TutorialLLVMBackendCpu0.idx'.


Writing index file TutorialLLVMBackendCpu0.idx
(./TutorialLLVMBackendCpu0.aux)
\openout1 = `TutorialLLVMBackendCpu0.aux'.

LaTeX Font Info:    Checking defaults for OML/cmm/m/it on input line 113.
LaTeX Font Info:    ... okay on input line 113.
LaTeX Font Info:    Checking defaults for T1/cmr/m/n on input line 113.
LaTeX Font Info:    ... okay on input line 113.
LaTeX Font Info:    Checking defaults for OT1/cmr/m/n on input line 113.
LaTeX Font Info:    ... okay on input line 113.
LaTeX Font Info:    Checking defaults for OMS/cmsy/m/n on input line 113.
LaTeX Font Info:    ... okay on input line 113.
LaTeX Font Info:    Checking defaults for OMX/cmex/m/n on input line 113.
LaTeX Font Info:    ... okay on input line 113.
LaTeX Font Info:    Checking defaults for U/cmr/m/n on input line 113.
LaTeX Font Info:    ... okay on input line 113.
LaTeX Font Info:    Checking defaults for TS1/cmr/m/n on input line 113.
LaTeX Font Info:    Try loading font information for TS1+cmr on input line 113.


(/usr/local/texlive/2012/texmf-dist/tex/latex/base/ts1cmr.fd
File: ts1cmr.fd 1999/05/25 v2.5h Standard LaTeX font definitions
)
LaTeX Font Info:    ... okay on input line 113.
LaTeX Font Info:    Checking defaults for PD1/pdf/m/n on input line 113.
LaTeX Font Info:    ... okay on input line 113.
LaTeX Font Info:    Try loading font information for T1+ptm on input line 113.

(/usr/local/texlive/2012/texmf-dist/tex/latex/psnfss/t1ptm.fd
File: t1ptm.fd 2001/06/04 font definitions for T1/ptm.
)
(/usr/local/texlive/2012/texmf-dist/tex/context/base/supp-pdf.mkii
[Loading MPS to PDF converter (version 2006.09.02).]
\scratchcounter=\count124
\scratchdimen=\dimen140
\scratchbox=\box40
\nofMPsegments=\count125
\nofMParguments=\count126
\everyMPshowfont=\toks30
\MPscratchCnt=\count127
\MPscratchDim=\dimen141
\MPnumerator=\count128
\makeMPintoPDFobject=\count129
\everyMPtoPDFconversion=\toks31
) (/usr/local/texlive/2012/texmf-dist/tex/latex/oberdiek/epstopdf-base.sty
Package: epstopdf-base 2010/02/09 v2.5 Base part for package epstopdf

(/usr/local/texlive/2012/texmf-dist/tex/latex/oberdiek/grfext.sty
Package: grfext 2010/08/19 v1.1 Manage graphics extensions (HO)
)
Package grfext Info: Graphics extension search list:
(grfext)             [.png,.pdf,.jpg,.mps,.jpeg,.jbig2,.jb2,.PNG,.PDF,.JPG,.JPE
G,.JBIG2,.JB2,.eps]
(grfext)             \AppendGraphicsExtensions on input line 452.

(/usr/local/texlive/2012/texmf-dist/tex/latex/latexconfig/epstopdf-sys.cfg
File: epstopdf-sys.cfg 2010/07/13 v1.3 Configuration of (r)epstopdf for TeX Liv
e
))
\AtBeginShipoutBox=\box41
Package hyperref Info: Link coloring ON on input line 113.

(/usr/local/texlive/2012/texmf-dist/tex/latex/hyperref/nameref.sty
Package: nameref 2010/04/30 v2.40 Cross-referencing by name of section

(/usr/local/texlive/2012/texmf-dist/tex/generic/oberdiek/gettitlestring.sty
Package: gettitlestring 2010/12/03 v1.4 Cleanup title references (HO)
)
\c@section@level=\count130
)
LaTeX Info: Redefining \ref on input line 113.
LaTeX Info: Redefining \pageref on input line 113.
LaTeX Info: Redefining \nameref on input line 113.

(./TutorialLLVMBackendCpu0.out) (./TutorialLLVMBackendCpu0.out)
\@outlinefile=\write6
\openout6 = `TutorialLLVMBackendCpu0.out'.


Underfull \hbox (badness 10000) in paragraph at lines 116--116

 []

LaTeX Font Info:    Try loading font information for T1+phv on input line 116.
(/usr/local/texlive/2012/texmf-dist/tex/latex/psnfss/t1phv.fd
File: t1phv.fd 2001/06/04 scalable font definitions for T1/phv.
)
LaTeX Font Info:    Font shape `T1/phv/bx/n' in size <24.88> not available
(Font)              Font shape `T1/phv/b/n' tried instead on input line 116.
LaTeX Font Info:    Font shape `T1/phv/m/it' in size <17.28> not available
(Font)              Font shape `T1/phv/m/sl' tried instead on input line 116.
LaTeX Font Info:    Font shape `T1/phv/bx/it' in size <17.28> not available
(Font)              Font shape `T1/phv/b/it' tried instead on input line 116.
LaTeX Font Info:    Font shape `T1/phv/b/it' in size <17.28> not available
(Font)              Font shape `T1/phv/b/sl' tried instead on input line 116.
LaTeX Font Info:    Font shape `T1/phv/bx/n' in size <17.28> not available
(Font)              Font shape `T1/phv/b/n' tried instead on input line 116.
 [1

{/usr/local/texlive/2012/texmf-var/fonts/map/pdftex/updmap/pdftex.map}] [2

]
(./TutorialLLVMBackendCpu0.toc
LaTeX Font Info:    Font shape `T1/ptm/bx/n' in size <10> not available
(Font)              Font shape `T1/ptm/b/n' tried instead on input line 2.
LaTeX Font Info:    Font shape `T1/phv/bx/n' in size <10> not available
(Font)              Font shape `T1/phv/b/n' tried instead on input line 163.
pdfTeX warning (ext4): destination with the same identifier (name{page.i}) has 
been already used, duplicate ignored
<to be read again> 
                   \relax 
l.163 ...line {6}Global variables}{185}{chapter.6}
                                                   [1

]pdfTeX warning (ext4): destination with the same identifier (name{page.ii}) ha
s been already used, duplicate ignored
<to be read again> 
                   \relax 
l.449 ...e {17}Alternate formats}{503}{chapter.17}
                                                   [2])
\tf@toc=\write7
\openout7 = `TutorialLLVMBackendCpu0.toc'.


Adding blank page after the table of contents.
[3] [4]
Underfull \hbox (badness 10000) in paragraph at lines 120--121

 []

[1

] [2

]
Chapter 1.
LaTeX Font Info:    Font shape `T1/phv/bx/n' in size <14.4> not available
(Font)              Font shape `T1/phv/b/n' tried instead on input line 125.
<Author_ChineseName.png, id=450, 60.225pt x 22.0825pt>
File: Author_ChineseName.png Graphic file (type png)

<use Author_ChineseName.png>
Package pdftex.def Info: Author_ChineseName.png used on input line 131.
(pdftex.def)             Requested size: 60.22484pt x 22.08243pt.
File: Author_ChineseName.png Graphic file (type png)
 <use Author_ChineseName.png>
Package pdftex.def Info: Author_ChineseName.png used on input line 131.
(pdftex.def)             Requested size: 60.22484pt x 22.08243pt.
 [3 <./Author_ChineseName.png>] [4] [5]
LaTeX Font Info:    Try loading font information for T1+pcr on input line 427.
 (/usr/local/texlive/2012/texmf-dist/tex/latex/psnfss/t1pcr.fd
File: t1pcr.fd 2001/06/04 font definitions for T1/pcr.
) [6] [7] [8

]
Chapter 2.
LaTeX Font Info:    Font shape `T1/ptm/bx/n' in size <8> not available
(Font)              Font shape `T1/ptm/b/n' tried instead on input line 510.

Underfull \hbox (badness 10000) in paragraph at lines 523--523
[][][] \T1/ptm/m/n/8 En-glish trans-la-tion of Cpu0 de-scrip-tion. [][]http://t
ranslate.google.com.tw/translate?js=n&prev=_t&hl=zh-TW&ie=UTF-
 []

LaTeX Font Info:    Font shape `T1/phv/bx/n' in size <12> not available
(Font)              Font shape `T1/phv/b/n' tried instead on input line 526.
<17.png, id=516, 564.1075pt x 388.45125pt>
File: 17.png Graphic file (type png)
 <use 17.png>
Package pdftex.def Info: 17.png used on input line 535.
(pdftex.def)             Requested size: 564.10611pt x 388.45029pt.
File: 17.png Graphic file (type png)
 <use 17.png>
Package pdftex.def Info: 17.png used on input line 535.
(pdftex.def)             Requested size: 469.755pt x 323.48135pt.
 [9]
[10 <./17.png>] <26.png, id=533, 451.6875pt x 193.72375pt>
File: 26.png Graphic file (type png)
 <use 26.png>
Package pdftex.def Info: 26.png used on input line 628.
(pdftex.def)             Requested size: 451.68639pt x 193.72327pt.
File: 26.png Graphic file (type png)

<use 26.png>
Package pdftex.def Info: 26.png used on input line 628.
(pdftex.def)             Requested size: 451.68639pt x 193.72327pt.
LaTeX Font Info:    Try loading font information for TS1+ptm on input line 633.

 (/usr/local/texlive/2012/texmf-dist/tex/latex/psnfss/ts1ptm.fd
File: ts1ptm.fd 2001/06/04 font definitions for TS1/ptm.
)
Overfull \hbox (37.7413pt too wide) in alignment at lines 638--654
 [] [] [] [] [] [] 
 []


Overfull \hbox (37.7413pt too wide) in alignment at lines 654--672
 [] [] [] [] [] [] 
 []


Overfull \hbox (37.7413pt too wide) in alignment at lines 672--675
 [] [] [] [] [] [] 
 []


Overfull \hbox (37.7413pt too wide) in alignment at lines 675--678
 [] [] [] [] [] [] 
 []


Overfull \hbox (37.7413pt too wide) in alignment at lines 678--937
 [] [] [] [] [] [] 
 []


Overfull \hbox (37.7413pt too wide) in alignment at lines 937--1199
 [] [] [] [] [] [] 
 []

[11 <./26.png>]
Overfull \hbox (37.7413pt too wide) in alignment at lines 1199--1371
 [] [] [] [] [] [] 
 []

[12] <35.png, id=554, 686.565pt x 126.4725pt>
File: 35.png Graphic file (type png)
 <use 35.png>
Package pdftex.def Info: 35.png used on input line 1395.
(pdftex.def)             Requested size: 686.56332pt x 126.47218pt.
File: 35.png Graphic file (type png)
 <use 35.png>
Package pdftex.def Info: 35.png used on input line 1395.
(pdftex.def)             Requested size: 469.755pt x 86.53278pt.

[13 <./35.png>] <64.png, id=567, 471.7625pt x 63.23625pt>
File: 64.png Graphic file (type png)
 <use 64.png>
Package pdftex.def Info: 64.png used on input line 1511.
(pdftex.def)             Requested size: 471.76134pt x 63.23608pt.
File: 64.png Graphic file (type png)

<use 64.png>
Package pdftex.def Info: 64.png used on input line 1511.
(pdftex.def)             Requested size: 469.755pt x 62.96783pt.
 <73.png, id=569, 840.13875pt x 300.12125pt>
File: 73.png Graphic file (type png)
 <use 73.png>
Package pdftex.def Info: 73.png used on input line 1538.
(pdftex.def)             Requested size: 840.1367pt x 300.12051pt.
File: 73.png Graphic file (type png)

<use 73.png>
Package pdftex.def Info: 73.png used on input line 1538.
(pdftex.def)             Requested size: 469.755pt x 167.8103pt.
 [14 <./64.png>] [15 <./73.png>]
<83.png, id=586, 853.1875pt x 429.605pt>
File: 83.png Graphic file (type png)
 <use 83.png>
Package pdftex.def Info: 83.png used on input line 1667.
(pdftex.def)             Requested size: 853.18542pt x 429.60394pt.
File: 83.png Graphic file (type png)
 <use 83.png>
Package pdftex.def Info: 83.png used on input line 1667.
(pdftex.def)             Requested size: 469.755pt x 236.53912pt.
 [16]
LaTeX Font Info:    Font shape `T1/phv/bx/n' in size <9> not available
(Font)              Font shape `T1/phv/b/n' tried instead on input line 1698.
LaTeX Font Info:    Font shape `T1/pcr/m/it' in size <9> not available
(Font)              Font shape `T1/pcr/m/sl' tried instead on input line 1701.

[17 <./83.png>]
LaTeX Font Info:    Font shape `T1/pcr/bx/n' in size <9> not available
(Font)              Font shape `T1/pcr/b/n' tried instead on input line 1767.
 [18] [19] [20] [21] [22] [23]
Underfull \vbox (badness 10000) detected at line 2221
 []

[24] [25]
Underfull \vbox (badness 3849) detected at line 2362
 []

[26] [27] [28] [29] [30] [31] [32] [33] [34]
Underfull \hbox (badness 10000) in paragraph at lines 2861--2870
\T1/ptm/m/n/10 The llvm source code is put in /Users/Jonathan/llvm/release/src 
and have llvm release-build in
 []

[35] [36] [37] [38

]
Chapter 3.
[39] [40] [41]
Underfull \vbox (badness 10000) detected at line 3245
 []


Underfull \vbox (badness 10000) detected at line 3245
 []

[42] [43] [44] [45] [46] [47] [48] [49] [50] [51] [52] [53] [54] [55] [56]
Overfull \vbox (0.85327pt too high) detected at line 4215
 []

[57] [58] <1.png, id=828, 779.91376pt x 589.20125pt>
File: 1.png Graphic file (type png)
 <use 1.png>
Package pdftex.def Info: 1.png used on input line 4268.
(pdftex.def)             Requested size: 779.91187pt x 589.1998pt.
File: 1.png Graphic file (type png)
 <use 1.png>
Package pdftex.def Info: 1.png used on input line 4268.
(pdftex.def)             Requested size: 469.755pt x 354.88103pt.

Underfull \hbox (badness 5832) in paragraph at lines 4271--4278
[]\T1/ptm/m/n/10 The Cpu0TargetMachine in-herit tree is Tar-get-Ma-chine <- LLV
M-Tar-get-Ma-chine <- Cpu0TargetMachine.
 []

<2.png, id=831, 790.955pt x 555.07375pt>
File: 2.png Graphic file (type png)
 <use 2.png>
Package pdftex.def Info: 2.png used on input line 4295.
(pdftex.def)             Requested size: 790.95308pt x 555.07237pt.
File: 2.png Graphic file (type png)
 <use 2.png>
Package pdftex.def Info: 2.png used on input line 4295.
(pdftex.def)             Requested size: 469.755pt x 329.66737pt.

<3.png, id=832, 676.5275pt x 517.935pt>
File: 3.png Graphic file (type png)
 <use 3.png>
Package pdftex.def Info: 3.png used on input line 4301.
(pdftex.def)             Requested size: 676.52583pt x 517.93372pt.
File: 3.png Graphic file (type png)
 <use 3.png>
Package pdftex.def Info: 3.png used on input line 4301.
(pdftex.def)             Requested size: 469.755pt x 359.64369pt.

<4.png, id=835, 797.98125pt x 592.2125pt>
File: 4.png Graphic file (type png)
 <use 4.png>
Package pdftex.def Info: 4.png used on input line 4313.
(pdftex.def)             Requested size: 797.9793pt x 592.21104pt.
File: 4.png Graphic file (type png)
 <use 4.png>
Package pdftex.def Info: 4.png used on input line 4313.
(pdftex.def)             Requested size: 469.755pt x 348.62521pt.
 [59] [60 <./1.png>] [61 <./2.png>] [62 <./3.png>] [63 <./4.png>]
Underfull \hbox (badness 10000) in paragraph at lines 4343--4349
\T1/ptm/m/n/10 and .cpp), Cpu0TargetLowering (Cpu0ISelLowering.h and .cpp) and 
Cpu0SelectionDAGInfo (
 []

[64] [65] [66]
Underfull \vbox (badness 10000) detected at line 4641
 []

[67] [68]
Underfull \hbox (badness 10000) in paragraph at lines 4681--4687
[]\T1/ptm/m/n/10 Cpu0GenAsmWrite.inc has the im-ple-men-ta-tion of Cpu0InstPrin
ter::printInstruction() and
 []

[69]
Overfull \vbox (0.84166pt too high) detected at line 4783
 []

[70] [71]
Underfull \vbox (badness 1748) detected at line 4917
 []

[72] [73] [74] [75]
Underfull \vbox (badness 10000) detected at line 5158
 []

[76] [77] [78] [79]
Underfull \vbox (badness 1953) detected at line 5458
 []

[80]
Underfull \vbox (badness 10000) detected at line 5458
 []


Underfull \vbox (badness 10000) detected at line 5458
 []

[81] [82] [83] [84] <5.png, id=982, 1033.8625pt x 539.01375pt>
File: 5.png Graphic file (type png)
 <use 5.png>
Package pdftex.def Info: 5.png used on input line 5649.
(pdftex.def)             Requested size: 1033.85999pt x 539.01242pt.
File: 5.png Graphic file (type png)

<use 5.png>
Package pdftex.def Info: 5.png used on input line 5649.
(pdftex.def)             Requested size: 469.755pt x 244.91441pt.
 [85 <./5.png>] [86] [87]
Underfull \vbox (badness 10000) detected at line 5896
 []


Underfull \vbox (badness 10000) detected at line 5896
 []

[88] <6.png, id=1018, 475.7775pt x 178.6675pt>
File: 6.png Graphic file (type png)
 <use 6.png>
Package pdftex.def Info: 6.png used on input line 5908.
(pdftex.def)             Requested size: 475.77632pt x 178.66705pt.
File: 6.png Graphic file (type png)
 <use 6.png>
Package pdftex.def Info: 6.png used on input line 5908.
(pdftex.def)             Requested size: 469.755pt x 176.41518pt.

<7.png, id=1020, 496.85625pt x 116.435pt>
File: 7.png Graphic file (type png)
 <use 7.png>
Package pdftex.def Info: 7.png used on input line 5937.
(pdftex.def)             Requested size: 496.85503pt x 116.43471pt.
File: 7.png Graphic file (type png)
 <use 7.png>
Package pdftex.def Info: 7.png used on input line 5937.
(pdftex.def)             Requested size: 469.755pt x 110.08495pt.

<8.png, id=1022, 989.6975pt x 611.28375pt>
File: 8.png Graphic file (type png)
 <use 8.png>
Package pdftex.def Info: 8.png used on input line 5949.
(pdftex.def)             Requested size: 989.69508pt x 611.28226pt.
File: 8.png Graphic file (type png)
 <use 8.png>
Package pdftex.def Info: 8.png used on input line 5949.
(pdftex.def)             Requested size: 469.755pt x 290.13893pt.
 [89 <./6.png>] [90 <./7.png> <./8.png>] <9.png, id=1038, 822.07124pt x 566.115
pt>
File: 9.png Graphic file (type png)

<use 9.png>
Package pdftex.def Info: 9.png used on input line 6009.
(pdftex.def)             Requested size: 822.06923pt x 566.11362pt.
File: 9.png Graphic file (type png)
 <use 9.png>
Package pdftex.def Info: 9.png used on input line 6009.
(pdftex.def)             Requested size: 469.755pt x 323.49225pt.
 [91] [92 <./9.png>] [93] [94]
Underfull \vbox (badness 10000) detected at line 6241
 []

[95] [96] [97] [98] [99] [100]
Overfull \hbox (1.71796pt too wide) in paragraph at lines 6547--6585
[] 
 []

<10.png, id=1103, 805.0075pt x 333.245pt>
File: 10.png Graphic file (type png)
 <use 10.png>
Package pdftex.def Info: 10.png used on input line 6671.
(pdftex.def)             Requested size: 805.00555pt x 333.24417pt.
File: 10.png Graphic file (type png)
 <use 10.png>
Package pdftex.def Info: 10.png used on input line 6671.
(pdftex.def)             Requested size: 469.755pt x 194.46191pt.
 [101]
[102 <./10.png>] [103] [104] [105] [106] [107]
Underfull \vbox (badness 10000) detected at line 7144
 []


Underfull \vbox (badness 10000) detected at line 7144
 []

[108]
Underfull \vbox (badness 10000) detected at line 7144
 []


Underfull \vbox (badness 10000) detected at line 7144
 []

[109] [110] [111]
Underfull \vbox (badness 10000) detected at line 7328
 []


Underfull \vbox (badness 10000) detected at line 7328
 []

[112] [113]
Underfull \vbox (badness 2119) detected at line 7469
 []

[114] [115] [116]
Underfull \hbox (badness 10000) in paragraph at lines 7670--7671
[]\T1/ptm/m/n/10 addiu $sp, $sp,
 []


Underfull \hbox (badness 10000) in paragraph at lines 7675--7676
[]\T1/ptm/m/n/10 addiu $sp, $sp,
 []


Underfull \hbox (badness 5939) in paragraph at lines 7688--7689
[]\T1/ptm/m/n/10 addiu $sp, $sp, -
 []


Overfull \hbox (25.57175pt too wide) in paragraph at lines 7648--7781
[] 
 []

[117]
Underfull \hbox (badness 10000) in paragraph at lines 7881--7882
[]\T1/ptm/m/n/10 ori $1, $1,
 []


Overfull \hbox (38.91792pt too wide) in paragraph at lines 7824--7902
[] 
 []

[118] [119]
Overfull \hbox (1.71796pt too wide) in paragraph at lines 7967--8020
[] 
 []

[120]
Chapter 4.
[121

] [122]
Underfull \vbox (badness 10000) detected at line 8233
 []


Underfull \vbox (badness 10000) detected at line 8233
 []

[123] [124] [125] [126] [127] [128] [129]
Underfull \vbox (badness 10000) detected at line 8825
 []


Underfull \vbox (badness 10000) detected at line 8825
 []

[130]
Underfull \vbox (badness 10000) detected at line 8825
 []


Underfull \vbox (badness 10000) detected at line 8825
 []

[131] <18.png, id=1298, 659.46375pt x 854.19125pt>
File: 18.png Graphic file (type png)
 <use 18.png>
Package pdftex.def Info: 18.png used on input line 8891.
(pdftex.def)             Requested size: 659.46213pt x 854.18918pt.
File: 18.png Graphic file (type png)
 <use 18.png>
Package pdftex.def Info: 18.png used on input line 8891.
(pdftex.def)             Requested size: 469.755pt x 608.48726pt.

[132] [133 <./18.png>] [134] <27.png, id=1321, 582.175pt x 631.35875pt>
File: 27.png Graphic file (type png)

<use 27.png>
Package pdftex.def Info: 27.png used on input line 9016.
(pdftex.def)             Requested size: 582.17358pt x 631.35721pt.
File: 27.png Graphic file (type png)
 <use 27.png>
Package pdftex.def Info: 27.png used on input line 9016.
(pdftex.def)             Requested size: 469.755pt x 509.45177pt.
 [135] [136 <./27.png>]
<36.png, id=1337, 689.57625pt x 704.6325pt>
File: 36.png Graphic file (type png)
 <use 36.png>
Package pdftex.def Info: 36.png used on input line 9095.
(pdftex.def)             Requested size: 689.57455pt x 704.6308pt.
File: 36.png Graphic file (type png)
 <use 36.png>
Package pdftex.def Info: 36.png used on input line 9095.
(pdftex.def)             Requested size: 469.755pt x 480.01466pt.
 [137]
[138 <./36.png>] <45.png, id=1349, 396.48125pt x 810.02625pt>
File: 45.png Graphic file (type png)
 <use 45.png>
Package pdftex.def Info: 45.png used on input line 9196.
(pdftex.def)             Requested size: 396.48027pt x 810.02426pt.
File: 45.png Graphic file (type png)

<use 45.png>
Package pdftex.def Info: 45.png used on input line 9196.
(pdftex.def)             Requested size: 396.48027pt x 810.02426pt.
 [139]
Underfull \hbox (badness 5504) in paragraph at lines 9265--9268
[]\T1/ptm/m/n/10 The se-t-Op-er-a-tion-Ac-tion(ISD::SDIV, MVT::i32, Ex-pand), .
.., set-Tar-getDAG-Com-bine(ISD::SDIVREM)
 []

[140] [141 <./45.png>] [142]
Underfull \vbox (badness 10000) detected at line 9562
 []


Underfull \vbox (badness 10000) detected at line 9562
 []

[143]
Underfull \vbox (badness 10000) detected at line 9562
 []


Underfull \vbox (badness 10000) detected at line 9562
 []

[144]
Underfull \vbox (badness 10000) detected at line 9562
 []


Underfull \vbox (badness 10000) detected at line 9562
 []

[145] [146]
Underfull \hbox (badness 10000) in paragraph at lines 9673--9688
[]\T1/ptm/m/n/10 Item 2 as above, is trig-gered by code ``se-t-Op-er-a-tion-Ac-
tion(ISD::SREM, MVT::i32, Ex-pand);'' in
 []

[147] [148]
Underfull \vbox (badness 10000) detected at line 9833
 []


Underfull \vbox (badness 10000) detected at line 9833
 []

[149] [150]
Underfull \vbox (badness 10000) detected at line 10104
 []


Underfull \vbox (badness 10000) detected at line 10104
 []

[151]
Underfull \vbox (badness 10000) detected at line 10104
 []


Underfull \vbox (badness 10000) detected at line 10104
 []

[152]
Underfull \vbox (badness 10000) detected at line 10104
 []


Underfull \vbox (badness 10000) detected at line 10104
 []

[153]
Underfull \hbox (badness 10000) in paragraph at lines 10158--10159
[]\T1/ptm/m/n/10 %conv = zext i1
 []


Underfull \hbox (badness 10000) in paragraph at lines 10183--10184
[]\T1/ptm/m/n/10 %conv = zext i1
 []


Underfull \hbox (badness 10000) in paragraph at lines 10213--10214
[]\T1/ptm/m/n/10 %conv = zext i1
 []


Underfull \hbox (badness 10000) in paragraph at lines 10243--10244
[]\T1/ptm/m/n/10 %conv = zext i1
 []


Underfull \hbox (badness 10000) in paragraph at lines 10270--10271
[]\T1/ptm/m/n/10 %conv = zext i1
 []


Underfull \hbox (badness 10000) in paragraph at lines 10300--10301
[]\T1/ptm/m/n/10 %conv = zext i1
 []


Underfull \hbox (badness 10000) in paragraph at lines 10327--10328
[]\T1/ptm/m/n/10 %conv = zext i1
 []


Overfull \hbox (25.57175pt too wide) in paragraph at lines 10108--10353
[] 
 []

[154] [155]
Underfull \hbox (badness 5203) in paragraph at lines 10492--10493
[]\T1/ptm/m/n/10 %lnot = (xor %1,
 []


Underfull \hbox (badness 10000) in paragraph at lines 10501--10502
[]\T1/ptm/m/n/10 %conv = zext i1
 []


Overfull \hbox (25.57175pt too wide) in paragraph at lines 10371--10545
[] 
 []

[156]
Chapter 5.
[157

] [158] [159]
Underfull \vbox (badness 10000) detected at line 10812
 []


Underfull \vbox (badness 10000) detected at line 10812
 []

[160] [161] [162]
Underfull \vbox (badness 2359) detected at line 10984
 []

[163] [164]
Underfull \vbox (badness 10000) detected at line 11103
 []


Underfull \vbox (badness 10000) detected at line 11103
 []

[165]
Underfull \vbox (badness 1776) detected at line 11223
 []

[166]
Underfull \vbox (badness 10000) detected at line 11223
 []


Underfull \vbox (badness 10000) detected at line 11223
 []

[167] [168] [169]
Underfull \vbox (badness 10000) detected at line 11431
 []

[170]
Underfull \vbox (badness 10000) detected at line 11462
 []

[171] [172] <14.png, id=1533, 733.74126pt x 636.3775pt>
File: 14.png Graphic file (type png)
 <use 14.png>
Package pdftex.def Info: 14.png used on input line 11558.
(pdftex.def)             Requested size: 733.73947pt x 636.37595pt.
File: 14.png Graphic file (type png)

<use 14.png>
Package pdftex.def Info: 14.png used on input line 11558.
(pdftex.def)             Requested size: 469.755pt x 407.42586pt.
 <23.png, id=1534, 687.56876pt x 451.6875pt>
File: 23.png Graphic file (type png)
 <use 23.png>
Package pdftex.def Info: 23.png used on input line 11564.
(pdftex.def)             Requested size: 687.56708pt x 451.68639pt.
File: 23.png Graphic file (type png)

<use 23.png>
Package pdftex.def Info: 23.png used on input line 11564.
(pdftex.def)             Requested size: 469.755pt x 308.59767pt.
 <32.png, id=1535, 608.2725pt x 314.17375pt>
File: 32.png Graphic file (type png)
 <use 32.png>
Package pdftex.def Info: 32.png used on input line 11570.
(pdftex.def)             Requested size: 608.27103pt x 314.17297pt.
File: 32.png Graphic file (type png)

<use 32.png>
Package pdftex.def Info: 32.png used on input line 11570.
(pdftex.def)             Requested size: 469.755pt x 242.6336pt.
 <42.png, id=1536, 680.5425pt x 617.30624pt>
File: 42.png Graphic file (type png)
 <use 42.png>
Package pdftex.def Info: 42.png used on input line 11576.
(pdftex.def)             Requested size: 680.54083pt x 617.30473pt.
File: 42.png Graphic file (type png)

<use 42.png>
Package pdftex.def Info: 42.png used on input line 11576.
(pdftex.def)             Requested size: 469.755pt x 426.1019pt.
 <52.png, id=1537, 752.8125pt x 637.38126pt>
File: 52.png Graphic file (type png)
 <use 52.png>
Package pdftex.def Info: 52.png used on input line 11582.
(pdftex.def)             Requested size: 752.81065pt x 637.3797pt.
File: 52.png Graphic file (type png)

<use 52.png>
Package pdftex.def Info: 52.png used on input line 11582.
(pdftex.def)             Requested size: 469.755pt x 397.73987pt.
 <62.png, id=1538, 778.91pt x 619.31375pt>
File: 62.png Graphic file (type png)
 <use 62.png>
Package pdftex.def Info: 62.png used on input line 11588.
(pdftex.def)             Requested size: 778.90811pt x 619.31224pt.
File: 62.png Graphic file (type png)

<use 62.png>
Package pdftex.def Info: 62.png used on input line 11588.
(pdftex.def)             Requested size: 469.755pt x 373.5pt.
 <71.png, id=1539, 813.0375pt x 572.1375pt>
File: 71.png Graphic file (type png)
 <use 71.png>
Package pdftex.def Info: 71.png used on input line 11594.
(pdftex.def)             Requested size: 813.03552pt x 572.1361pt.
File: 71.png Graphic file (type png)

<use 71.png>
Package pdftex.def Info: 71.png used on input line 11594.
(pdftex.def)             Requested size: 469.755pt x 330.56538pt.
 <81.png, id=1540, 623.32875pt x 484.81125pt>
File: 81.png Graphic file (type png)
 <use 81.png>
Package pdftex.def Info: 81.png used on input line 11600.
(pdftex.def)             Requested size: 623.32722pt x 484.81006pt.
File: 81.png Graphic file (type png)

<use 81.png>
Package pdftex.def Info: 81.png used on input line 11600.
(pdftex.def)             Requested size: 469.755pt x 365.36816pt.
 <91.png, id=1541, 796.9775pt x 571.13374pt>
File: 91.png Graphic file (type png)
 <use 91.png>
Package pdftex.def Info: 91.png used on input line 11606.
(pdftex.def)             Requested size: 796.97554pt x 571.13235pt.
File: 91.png Graphic file (type png)

<use 91.png>
Package pdftex.def Info: 91.png used on input line 11606.
(pdftex.def)             Requested size: 469.755pt x 336.63483pt.
 <101.png, id=1542, 785.93625pt x 598.235pt>
File: 101.png Graphic file (type png)
 <use 101.png>
Package pdftex.def Info: 101.png used on input line 11612.
(pdftex.def)             Requested size: 785.93433pt x 598.23354pt.
File: 101.png Graphic file (type png)

<use 101.png>
Package pdftex.def Info: 101.png used on input line 11612.
(pdftex.def)             Requested size: 469.755pt x 357.57452pt.

Underfull \hbox (badness 6725) in paragraph at lines 11629--11636
[]\T1/ptm/m/n/10 In [][]Fig-ure 5.3[][][], in-stanc-ing MCIn-strInfo ob-ject X,
 and ini-tial-ize it by InitCpu0MCInstrInfo(X). Since
 []

[173] [174 <./14.png>] [175 <./23.png> <./32.png>] [176 <./42.png>] [177 <./52.
png>] [178 <./62.png>] [179 <./71.png>] [180 <./81.png>] [181 <./91.png>]
[182 <./101.png>] [183] [184

]
Chapter 6.
[185]
Underfull \hbox (badness 7468) in paragraph at lines 11729--11736
\T1/ptm/m/n/10 Cpu0 like Mips sup-ports both static and pic mode. There are two
 dif-fer-ent lay-out of global
 []


Underfull \hbox (badness 10000) in paragraph at lines 11729--11736
\T1/ptm/m/n/10 vari-ables for static mode which con-trolled by op-tion cpu0-use
-small-section. Chap-ter6_1/ sup-
 []


Underfull \hbox (badness 10000) in paragraph at lines 11729--11736
\T1/ptm/m/n/10 port the global vari-able trans-la-tion. Let's run Chap-ter6_1/ 
with ch6_1.cpp via three dif-fer-
 []


Underfull \hbox (badness 10000) in paragraph at lines 11729--11736
\T1/ptm/m/n/10 ent op-tions \T1/pcr/m/n/10 llc -relocation-model=static -cpu0-u
se-small-section=false\T1/ptm/m/n/10 ,
 []


Underfull \hbox (badness 10000) in paragraph at lines 11729--11736
\T1/pcr/m/n/10 llc -relocation-model=static -cpu0-use-small-section=true \T1/pt
m/m/n/10 and \T1/pcr/m/n/10 llc
 []

[186]
Overfull \vbox (1.2113pt too high) detected at line 11856
 []

[187]
Underfull \vbox (badness 10000) detected at line 11921
 []

[188]
Overfull \hbox (25.57175pt too wide) in paragraph at lines 11927--11973
[] 
 []

[189] [190] [191] [192] [193] [194]
Underfull \vbox (badness 10000) detected at line 12472
 []


Underfull \vbox (badness 10000) detected at line 12472
 []

[195] [196] [197]
Underfull \hbox (badness 10000) in paragraph at lines 12571--12576
[]\T1/ptm/m/n/10 The code frag-ment of Low-er-Glob-al-Ad-dress() as the fol-low
-ing cor-re-spond-ing op-tion \T1/pcr/m/n/10 llc
 []


Underfull \hbox (badness 7540) in paragraph at lines 12571--12576
\T1/pcr/m/n/10 -relocation-model=static -cpu0-use-small-section=true \T1/ptm/m/
n/10 will trans-late DAG (Glob-al-Ad-
 []

[198] [199]
Underfull \hbox (badness 10000) in paragraph at lines 12699--12704
[]\T1/ptm/m/n/10 The code frag-ment of Low-er-Glob-al-Ad-dress() as the fol-low
-ing cor-re-spond-ing op-tion \T1/pcr/m/n/10 llc
 []


Underfull \hbox (badness 7540) in paragraph at lines 12699--12704
\T1/pcr/m/n/10 -relocation-model=static -cpu0-use-small-section=true \T1/ptm/m/
n/10 will trans-late DAG (Glob-al-Ad-
 []

[200] [201] [202] [203] [204] [205] [206]
Underfull \hbox (badness 10000) in paragraph at lines 13134--13138
[]\T1/ptm/m/n/10 The code frag-ment of Low-er-Glob-al-Ad-dress() as the fol-low
-ing cor-re-spond-ing op-tion \T1/pcr/m/n/10 llc
 []

[207]
Underfull \hbox (badness 10000) in paragraph at lines 13249--13254
\T1/ptm/m/n/10 The code frag-ment of Low-er-Glob-al-Ad-dress() as the fol-low-i
ng cor-re-spond-ing op-tion \T1/pcr/m/n/10 llc
 []

[208] [209] [210] [211] [212]
Chapter 7.
[213

] [214] [215] [216] [217] [218] [219] [220] [221] [222]
Underfull \vbox (badness 3428) detected at line 14210
 []

[223]
Underfull \vbox (badness 10000) detected at line 14210
 []


Underfull \vbox (badness 10000) detected at line 14210
 []

[224] [225] [226] [227] [228]
Chapter 8.
[229

]
Underfull \vbox (badness 10000) detected at line 14637
 []

[230]
Underfull \vbox (badness 10000) detected at line 14637
 []


Underfull \vbox (badness 10000) detected at line 14637
 []

[231] [232] [233] <11.png, id=1907, 447.6725pt x 466.74374pt>
File: 11.png Graphic file (type png)
 <use 11.png>
Package pdftex.def Info: 11.png used on input line 14735.
(pdftex.def)             Requested size: 447.6714pt x 466.7426pt.
File: 11.png Graphic file (type png)

<use 11.png>
Package pdftex.def Info: 11.png used on input line 14735.
(pdftex.def)             Requested size: 447.6714pt x 466.7426pt.
 [234] [235 <./11.png>] [236] [237] [238] [239] [240] [241]
[242] [243] [244

]
Chapter 9.
<13.png, id=1970, 690.58pt x 532.99126pt>
File: 13.png Graphic file (type png)
 <use 13.png>
Package pdftex.def Info: 13.png used on input line 15294.
(pdftex.def)             Requested size: 690.57831pt x 532.98996pt.
File: 13.png Graphic file (type png)
 <use 13.png>
Package pdftex.def Info: 13.png used on input line 15294.
(pdftex.def)             Requested size: 469.755pt x 362.55939pt.
 [245]
[246 <./13.png>]
Underfull \vbox (badness 10000) detected at line 15422
 []

[247] <22.png, id=1989, 742.775pt x 579.16376pt>
File: 22.png Graphic file (type png)
 <use 22.png>
Package pdftex.def Info: 22.png used on input line 15436.
(pdftex.def)             Requested size: 742.77318pt x 579.16234pt.
File: 22.png Graphic file (type png)
 <use 22.png>
Package pdftex.def Info: 22.png used on input line 15436.
(pdftex.def)             Requested size: 469.755pt x 366.28906pt.

[248] [249 <./22.png>] [250] [251] [252] [253]
Underfull \vbox (badness 1852) detected at line 15760
 []

[254] [255] [256] [257] [258] [259] [260]
Underfull \vbox (badness 10000) detected at line 16179
 []

[261]
Underfull \vbox (badness 10000) detected at line 16358
 []

[262]
Underfull \vbox (badness 10000) detected at line 16358
 []


Underfull \vbox (badness 10000) detected at line 16358
 []

[263]
Underfull \vbox (badness 10000) detected at line 16358
 []


Underfull \vbox (badness 10000) detected at line 16358
 []

[264] [265] [266]
Underfull \vbox (badness 10000) detected at line 16562
 []


Underfull \vbox (badness 10000) detected at line 16562
 []

[267] [268] [269] [270] [271] [272]
Overfull \hbox (24.54059pt too wide) in paragraph at lines 16854--16889
[] 
 []

[273] [274] [275] [276]
Underfull \vbox (badness 5817) detected at line 17216
 []

[277] [278] [279] [280] [281] [282] [283] [284] [285] [286] [287] [288]
[289]
Underfull \vbox (badness 10000) detected at line 18093
 []


Underfull \vbox (badness 10000) detected at line 18093
 []

[290]
Underfull \vbox (badness 10000) detected at line 18093
 []


Underfull \vbox (badness 10000) detected at line 18093
 []

[291] [292]
Underfull \vbox (badness 10000) detected at line 18469
 []


Underfull \vbox (badness 10000) detected at line 18469
 []

[293]
Underfull \vbox (badness 10000) detected at line 18469
 []


Underfull \vbox (badness 10000) detected at line 18469
 []

[294]
Underfull \vbox (badness 10000) detected at line 18469
 []


Underfull \vbox (badness 10000) detected at line 18469
 []

[295]
Underfull \vbox (badness 10000) detected at line 18469
 []


Underfull \vbox (badness 10000) detected at line 18469
 []

[296]
Underfull \vbox (badness 10000) detected at line 18469
 []


Underfull \vbox (badness 10000) detected at line 18469
 []

[297] [298] [299] [300] [301]
Underfull \vbox (badness 10000) detected at line 18770
 []


Underfull \vbox (badness 10000) detected at line 18770
 []

[302] [303] [304] [305]
Overfull \vbox (0.75586pt too high) detected at line 18961
 []

[306] [307]
Underfull \vbox (badness 10000) detected at line 19107
 []


Underfull \vbox (badness 10000) detected at line 19107
 []

[308] <41.png, id=2349, 537.00626pt x 280.04625pt>
File: 41.png Graphic file (type png)
 <use 41.png>
Package pdftex.def Info: 41.png used on input line 19129.
(pdftex.def)             Requested size: 537.00494pt x 280.04555pt.
File: 41.png Graphic file (type png)
 <use 41.png>
Package pdftex.def Info: 41.png used on input line 19129.
(pdftex.def)             Requested size: 469.755pt x 244.97575pt.

<51.png, id=2350, 477.785pt x 265.99374pt>
File: 51.png Graphic file (type png)
 <use 51.png>
Package pdftex.def Info: 51.png used on input line 19135.
(pdftex.def)             Requested size: 477.78383pt x 265.99309pt.
File: 51.png Graphic file (type png)
 <use 51.png>
Package pdftex.def Info: 51.png used on input line 19135.
(pdftex.def)             Requested size: 469.755pt x 261.52441pt.

<61.png, id=2351, 541.02126pt x 395.4775pt>
File: 61.png Graphic file (type png)
 <use 61.png>
Package pdftex.def Info: 61.png used on input line 19141.
(pdftex.def)             Requested size: 541.01993pt x 395.47653pt.
File: 61.png Graphic file (type png)
 <use 61.png>
Package pdftex.def Info: 61.png used on input line 19141.
(pdftex.def)             Requested size: 469.755pt x 343.39282pt.
 [309]
[310 <./41.png> <./51.png>] [311 <./61.png>] [312]
Chapter 10.
<12.png, id=2387, 213.79875pt x 321.2pt>
File: 12.png Graphic file (type png)
 <use 12.png>
Package pdftex.def Info: 12.png used on input line 19261.
(pdftex.def)             Requested size: 213.79822pt x 321.19922pt.
File: 12.png Graphic file (type png)
 <use 12.png>
Package pdftex.def Info: 12.png used on input line 19261.
(pdftex.def)             Requested size: 213.79822pt x 321.19922pt.
 [313

]
[314 <./12.png>] [315] [316]
Underfull \vbox (badness 10000) detected at line 19500
 []

[317] [318] [319] [320]
Underfull \vbox (badness 10000) detected at line 19712
 []


Underfull \vbox (badness 10000) detected at line 19712
 []

[321] [322] [323] [324]
Underfull \vbox (badness 10000) detected at line 20082
 []

[325]
Underfull \vbox (badness 10000) detected at line 20082
 []


Underfull \vbox (badness 10000) detected at line 20082
 []

[326]
Underfull \vbox (badness 10000) detected at line 20082
 []


Underfull \vbox (badness 10000) detected at line 20082
 []

[327] [328] [329] [330]
Underfull \vbox (badness 10000) detected at line 20314
 []


Underfull \vbox (badness 10000) detected at line 20314
 []

[331] [332]
Underfull \vbox (badness 10000) detected at line 20440
 []


Underfull \vbox (badness 10000) detected at line 20440
 []

[333] [334] <21.png, id=2504, 800.9925pt x 807.015pt>
File: 21.png Graphic file (type png)
 <use 21.png>
Package pdftex.def Info: 21.png used on input line 20486.
(pdftex.def)             Requested size: 800.99054pt x 807.01303pt.
File: 21.png Graphic file (type png)

<use 21.png>
Package pdftex.def Info: 21.png used on input line 20486.
(pdftex.def)             Requested size: 469.755pt x 473.29018pt.
 [335 <./21.png>] <31.png, id=2522, 746.79pt x 790.955pt>
File: 31.png Graphic file (type png)

<use 31.png>
Package pdftex.def Info: 31.png used on input line 20608.
(pdftex.def)             Requested size: 746.78816pt x 790.95308pt.
File: 31.png Graphic file (type png)
 <use 31.png>
Package pdftex.def Info: 31.png used on input line 20608.
(pdftex.def)             Requested size: 469.755pt x 497.53188pt.
 [336] [337 <./31.png>]
Underfull \vbox (badness 10000) detected at line 20905
 []


Underfull \vbox (badness 10000) detected at line 20905
 []

[338]
Underfull \vbox (badness 10000) detected at line 20905
 []


Underfull \vbox (badness 10000) detected at line 20905
 []

[339]
Underfull \vbox (badness 10000) detected at line 20905
 []


Underfull \vbox (badness 10000) detected at line 20905
 []

[340]
Underfull \vbox (badness 10000) detected at line 20905
 []


Underfull \vbox (badness 10000) detected at line 20905
 []

[341] [342]
Chapter 11.
[343

] [344]
Underfull \vbox (badness 10000) detected at line 22014
 []


Underfull \vbox (badness 10000) detected at line 22014
 []

[345]
Underfull \vbox (badness 10000) detected at line 22014
 []


Underfull \vbox (badness 10000) detected at line 22014
 []

[346]
Underfull \vbox (badness 10000) detected at line 22014
 []


Underfull \vbox (badness 10000) detected at line 22014
 []

[347]
Underfull \vbox (badness 10000) detected at line 22014
 []


Underfull \vbox (badness 10000) detected at line 22014
 []

[348]
Underfull \vbox (badness 10000) detected at line 22014
 []


Underfull \vbox (badness 10000) detected at line 22014
 []

[349]
Underfull \vbox (badness 10000) detected at line 22014
 []


Underfull \vbox (badness 10000) detected at line 22014
 []

[350]
Underfull \vbox (badness 10000) detected at line 22014
 []


Underfull \vbox (badness 10000) detected at line 22014
 []

[351]
Underfull \vbox (badness 10000) detected at line 22014
 []


Underfull \vbox (badness 10000) detected at line 22014
 []

[352]
Underfull \vbox (badness 10000) detected at line 22014
 []


Underfull \vbox (badness 10000) detected at line 22014
 []

[353]
Underfull \vbox (badness 10000) detected at line 22014
 []


Underfull \vbox (badness 10000) detected at line 22014
 []

[354]
Underfull \vbox (badness 10000) detected at line 22014
 []


Underfull \vbox (badness 10000) detected at line 22014
 []

[355]
Underfull \vbox (badness 10000) detected at line 22014
 []


Underfull \vbox (badness 10000) detected at line 22014
 []

[356]
Underfull \vbox (badness 10000) detected at line 22014
 []


Underfull \vbox (badness 10000) detected at line 22014
 []

[357]
Underfull \vbox (badness 10000) detected at line 22014
 []


Underfull \vbox (badness 10000) detected at line 22014
 []

[358]
Underfull \vbox (badness 10000) detected at line 22014
 []


Underfull \vbox (badness 10000) detected at line 22014
 []

[359]
Underfull \vbox (badness 10000) detected at line 22014
 []


Underfull \vbox (badness 10000) detected at line 22014
 []

[360]
Underfull \vbox (badness 10000) detected at line 22014
 []


Underfull \vbox (badness 10000) detected at line 22014
 []

[361] [362] [363]
Underfull \hbox (badness 6412) in paragraph at lines 22174--22181
[]\T1/ptm/m/n/10 Above de-fine the \T1/ptm/b/n/10 Parser-Method = ``parse-Mem-O
-perand'' \T1/ptm/m/n/10 and im-ple-ment the parse-Mem-O-perand() in
 []

[364]
Underfull \hbox (badness 6741) in paragraph at lines 22224--22226
[]\T1/ptm/m/n/10 Above 3 Pseudo In-struc-tion def-i-ni-tions in Cpu0InstrInfo.t
d such as Load-Imm32Reg are han-dled by
 []

[365] [366]
Underfull \vbox (badness 3713) detected at line 22386
 []

[367] [368]
Underfull \vbox (badness 5817) detected at line 22854
 []

[369]
Underfull \vbox (badness 10000) detected at line 22854
 []


Underfull \vbox (badness 10000) detected at line 22854
 []

[370]
Underfull \vbox (badness 10000) detected at line 22854
 []


Underfull \vbox (badness 10000) detected at line 22854
 []

[371]
Underfull \vbox (badness 10000) detected at line 22854
 []


Underfull \vbox (badness 10000) detected at line 22854
 []

[372]
Underfull \vbox (badness 10000) detected at line 22854
 []


Underfull \vbox (badness 10000) detected at line 22854
 []

[373]
Underfull \vbox (badness 10000) detected at line 22854
 []


Underfull \vbox (badness 10000) detected at line 22854
 []

[374]
Underfull \vbox (badness 10000) detected at line 22854
 []


Underfull \vbox (badness 10000) detected at line 22854
 []

[375] [376] [377]
Underfull \vbox (badness 5817) detected at line 23044
 []

[378]
Underfull \vbox (badness 10000) detected at line 23064
 []

[379] [380]
Underfull \vbox (badness 1112) detected at line 23201
 []

[381] [382]
Chapter 12.
[383

] [384] [385] [386] [387] [388] [389] [390] [391]
Underfull \vbox (badness 10000) detected at line 24056
 []


Underfull \vbox (badness 10000) detected at line 24056
 []

[392]
Underfull \vbox (badness 10000) detected at line 24056
 []


Underfull \vbox (badness 10000) detected at line 24056
 []

[393]
Underfull \vbox (badness 10000) detected at line 24056
 []


Underfull \vbox (badness 10000) detected at line 24056
 []

[394] [395] [396]
Underfull \vbox (badness 10000) detected at line 24225
 []


Underfull \vbox (badness 10000) detected at line 24225
 []

[397] [398]
Underfull \vbox (badness 10000) detected at line 24423
 []


Underfull \vbox (badness 10000) detected at line 24423
 []

[399]
Underfull \vbox (badness 10000) detected at line 24423
 []


Underfull \vbox (badness 10000) detected at line 24423
 []

[400] [401] [402

]
Chapter 13.
[403] [404] [405] [406]
Underfull \vbox (badness 10000) detected at line 24749
 []


Underfull \vbox (badness 10000) detected at line 24749
 []

[407] [408]
Underfull \vbox (badness 10000) detected at line 24914
 []


Underfull \vbox (badness 10000) detected at line 24914
 []

[409]
Underfull \vbox (badness 10000) detected at line 24914
 []


Underfull \vbox (badness 10000) detected at line 24914
 []

[410] [411] [412]
Underfull \vbox (badness 10000) detected at line 25206
 []


Underfull \vbox (badness 10000) detected at line 25206
 []

[413]
Underfull \vbox (badness 10000) detected at line 25206
 []


Underfull \vbox (badness 10000) detected at line 25206
 []

[414]
Underfull \vbox (badness 10000) detected at line 25206
 []


Underfull \vbox (badness 10000) detected at line 25206
 []

[415] [416]
Overfull \vbox (0.85327pt too high) detected at line 25724
 []

[417]
Underfull \vbox (badness 10000) detected at line 25724
 []


Underfull \vbox (badness 10000) detected at line 25724
 []

[418]
Underfull \vbox (badness 10000) detected at line 25724
 []


Underfull \vbox (badness 10000) detected at line 25724
 []

[419]
Underfull \vbox (badness 10000) detected at line 25724
 []


Underfull \vbox (badness 10000) detected at line 25724
 []

[420]
Underfull \vbox (badness 10000) detected at line 25724
 []


Underfull \vbox (badness 10000) detected at line 25724
 []

[421]
Underfull \vbox (badness 10000) detected at line 25724
 []


Underfull \vbox (badness 10000) detected at line 25724
 []

[422]
Underfull \vbox (badness 10000) detected at line 25724
 []


Underfull \vbox (badness 10000) detected at line 25724
 []

[423]
Underfull \vbox (badness 10000) detected at line 25724
 []


Underfull \vbox (badness 10000) detected at line 25724
 []

[424] [425]
Underfull \vbox (badness 10000) detected at line 25889
 []


Underfull \vbox (badness 10000) detected at line 25889
 []

[426]
Underfull \vbox (badness 10000) detected at line 25889
 []


Underfull \vbox (badness 10000) detected at line 25889
 []

[427] [428]
Overfull \vbox (0.85327pt too high) detected at line 26000
 []

[429] [430]
Underfull \vbox (badness 10000) detected at line 26820
 []


Underfull \vbox (badness 10000) detected at line 26820
 []

[431]
Underfull \vbox (badness 10000) detected at line 26820
 []


Underfull \vbox (badness 10000) detected at line 26820
 []

[432]
Underfull \vbox (badness 10000) detected at line 26820
 []


Underfull \vbox (badness 10000) detected at line 26820
 []

[433]
Underfull \vbox (badness 10000) detected at line 26820
 []


Underfull \vbox (badness 10000) detected at line 26820
 []

[434]
Underfull \vbox (badness 10000) detected at line 26820
 []


Underfull \vbox (badness 10000) detected at line 26820
 []

[435]
Underfull \vbox (badness 10000) detected at line 26820
 []


Underfull \vbox (badness 10000) detected at line 26820
 []

[436]
Underfull \vbox (badness 10000) detected at line 26820
 []


Underfull \vbox (badness 10000) detected at line 26820
 []

[437]
Underfull \vbox (badness 10000) detected at line 26820
 []


Underfull \vbox (badness 10000) detected at line 26820
 []

[438]
Underfull \vbox (badness 10000) detected at line 26820
 []


Underfull \vbox (badness 10000) detected at line 26820
 []

[439]
Underfull \vbox (badness 10000) detected at line 26820
 []


Underfull \vbox (badness 10000) detected at line 26820
 []

[440]
Underfull \vbox (badness 10000) detected at line 26820
 []


Underfull \vbox (badness 10000) detected at line 26820
 []

[441]
Underfull \vbox (badness 10000) detected at line 26820
 []


Underfull \vbox (badness 10000) detected at line 26820
 []

[442]
Underfull \vbox (badness 10000) detected at line 26820
 []


Underfull \vbox (badness 10000) detected at line 26820
 []

[443] [444] [445]
Underfull \vbox (badness 5817) detected at line 27022
 []

[446] [447]
Underfull \vbox (badness 10000) detected at line 27121
 []


Underfull \vbox (badness 10000) detected at line 27121
 []

[448] [449]
Underfull \vbox (badness 10000) detected at line 27391
 []


Underfull \vbox (badness 10000) detected at line 27391
 []

[450]
Underfull \vbox (badness 10000) detected at line 27391
 []


Underfull \vbox (badness 10000) detected at line 27391
 []

[451]
Underfull \vbox (badness 10000) detected at line 27391
 []


Underfull \vbox (badness 10000) detected at line 27391
 []

[452]
Underfull \vbox (badness 10000) detected at line 27391
 []


Underfull \vbox (badness 10000) detected at line 27391
 []

[453] [454] [455] [456] <16.png, id=3127, 754.82pt x 826.08624pt>
File: 16.png Graphic file (type png)
 <use 16.png>
Package pdftex.def Info: 16.png used on input line 27579.
(pdftex.def)             Requested size: 754.81818pt x 826.08421pt.
File: 16.png Graphic file (type png)

<use 16.png>
Package pdftex.def Info: 16.png used on input line 27579.
(pdftex.def)             Requested size: 469.755pt x 514.10934pt.
 <25.png, id=3128, 576.1525pt x 877.2775pt>
File: 25.png Graphic file (type png)
 <use 25.png>
Package pdftex.def Info: 25.png used on input line 27585.
(pdftex.def)             Requested size: 576.15108pt x 877.27536pt.
File: 25.png Graphic file (type png)

<use 25.png>
Package pdftex.def Info: 25.png used on input line 27585.
(pdftex.def)             Requested size: 469.755pt x 715.30283pt.
 <34.png, id=3129, 836.12375pt x 728.7225pt>
File: 34.png Graphic file (type png)
 <use 34.png>
Package pdftex.def Info: 34.png used on input line 27591.
(pdftex.def)             Requested size: 836.1217pt x 728.72072pt.
File: 34.png Graphic file (type png)

<use 34.png>
Package pdftex.def Info: 34.png used on input line 27591.
(pdftex.def)             Requested size: 469.755pt x 409.42726pt.
 [457] [458 <./16.png>] [459 <./25.png>] [460 <./34.png>]
Underfull \hbox (badness 10000) in paragraph at lines 27680--27683
[]\T1/ptm/m/n/10 Now the fol-low-ing code of Cpu0TargetRelocationHandler::apply
Relocation() will be called through
 []

[461] <44.png, id=3167, 418.56375pt x 710.655pt>
File: 44.png Graphic file (type png)
 <use 44.png>
Package pdftex.def Info: 44.png used on input line 27721.
(pdftex.def)             Requested size: 418.56271pt x 710.65326pt.
File: 44.png Graphic file (type png)
 <use 44.png>
Package pdftex.def Info: 44.png used on input line 27721.
(pdftex.def)             Requested size: 418.56271pt x 710.65326pt.


LaTeX Warning: Float too large for page by 84.38818pt on input line 27722.

<54.png, id=3170, 807.015pt x 603.25375pt>
File: 54.png Graphic file (type png)
 <use 54.png>
Package pdftex.def Info: 54.png used on input line 27738.
(pdftex.def)             Requested size: 807.01303pt x 603.25227pt.
File: 54.png Graphic file (type png)
 <use 54.png>
Package pdftex.def Info: 54.png used on input line 27738.
(pdftex.def)             Requested size: 469.755pt x 351.14848pt.
 [462]
[463 <./44.png>] [464 <./54.png>]
Underfull \vbox (badness 10000) detected at line 28011
 []


Underfull \vbox (badness 10000) detected at line 28011
 []

[465]
Underfull \vbox (badness 10000) detected at line 28011
 []


Underfull \vbox (badness 10000) detected at line 28011
 []

[466]
Underfull \vbox (badness 10000) detected at line 28011
 []


Underfull \vbox (badness 10000) detected at line 28011
 []

[467] [468] [469] [470]
Underfull \vbox (badness 10000) detected at line 28265
 []


Underfull \vbox (badness 10000) detected at line 28265
 []

[471]
Underfull \vbox (badness 10000) detected at line 28265
 []


Underfull \vbox (badness 10000) detected at line 28265
 []

[472] [473] [474] [475] [476

]
Chapter 14.
[477] <24.png, id=3271, 665.48625pt x 504.88625pt>
File: 24.png Graphic file (type png)
 <use 24.png>
Package pdftex.def Info: 24.png used on input line 28518.
(pdftex.def)             Requested size: 665.48462pt x 504.885pt.
File: 24.png Graphic file (type png)
 <use 24.png>
Package pdftex.def Info: 24.png used on input line 28518.
(pdftex.def)             Requested size: 469.755pt x 356.39166pt.

<33.png, id=3277, 702.625pt x 522.95375pt>
File: 33.png Graphic file (type png)
 <use 33.png>
Package pdftex.def Info: 33.png used on input line 28550.
(pdftex.def)             Requested size: 702.62328pt x 522.95247pt.
File: 33.png Graphic file (type png)
 <use 33.png>
Package pdftex.def Info: 33.png used on input line 28550.
(pdftex.def)             Requested size: 469.755pt x 349.64307pt.

<43.png, id=3278, 614.295pt x 376.40625pt>
File: 43.png Graphic file (type png)
 <use 43.png>
Package pdftex.def Info: 43.png used on input line 28556.
(pdftex.def)             Requested size: 614.29349pt x 376.40532pt.
File: 43.png Graphic file (type png)
 <use 43.png>
Package pdftex.def Info: 43.png used on input line 28556.
(pdftex.def)             Requested size: 469.755pt x 287.8407pt.

<53.png, id=3279, 702.625pt x 523.9575pt>
File: 53.png Graphic file (type png)
 <use 53.png>
Package pdftex.def Info: 53.png used on input line 28562.
(pdftex.def)             Requested size: 702.62328pt x 523.95622pt.
File: 53.png Graphic file (type png)
 <use 53.png>
Package pdftex.def Info: 53.png used on input line 28562.
(pdftex.def)             Requested size: 469.755pt x 350.31416pt.

<63.png, id=3282, 701.62125pt x 521.95pt>
File: 63.png Graphic file (type png)
 <use 63.png>
Package pdftex.def Info: 63.png used on input line 28573.
(pdftex.def)             Requested size: 701.61952pt x 521.94872pt.
File: 63.png Graphic file (type png)
 <use 63.png>
Package pdftex.def Info: 63.png used on input line 28573.
(pdftex.def)             Requested size: 469.755pt x 349.46574pt.

<72.png, id=3284, 700.6175pt x 519.9425pt>
File: 72.png Graphic file (type png)
 <use 72.png>
Package pdftex.def Info: 72.png used on input line 28581.
(pdftex.def)             Requested size: 700.61578pt x 519.94124pt.
File: 72.png Graphic file (type png)
 <use 72.png>
Package pdftex.def Info: 72.png used on input line 28581.
(pdftex.def)             Requested size: 469.755pt x 348.62148pt.
 [478]
[479 <./24.png>] [480 <./33.png>] <82.png, id=3311, 702.625pt x 523.9575pt>
File: 82.png Graphic file (type png)

<use 82.png>
Package pdftex.def Info: 82.png used on input line 28590.
(pdftex.def)             Requested size: 702.62328pt x 523.95622pt.
File: 82.png Graphic file (type png)
 <use 82.png>
Package pdftex.def Info: 82.png used on input line 28590.
(pdftex.def)             Requested size: 469.755pt x 350.31416pt.

Underfull \hbox (badness 10000) in paragraph at lines 28592--28592
[]\T1/ptm/m/n/10 Figure 14.7: Check CLANG_BUILD_EXAMPLES, LLVM_BUILD_EXAMPLES, 
and uncheck
 []

<92.png, id=3313, 702.625pt x 521.95pt>
File: 92.png Graphic file (type png)
 <use 92.png>
Package pdftex.def Info: 92.png used on input line 28600.
(pdftex.def)             Requested size: 702.62328pt x 521.94872pt.
File: 92.png Graphic file (type png)
 <use 92.png>
Package pdftex.def Info: 92.png used on input line 28600.
(pdftex.def)             Requested size: 469.755pt x 348.97195pt.

<102.png, id=3315, 986.68625pt x 618.31pt>
File: 102.png Graphic file (type png)
 <use 102.png>
Package pdftex.def Info: 102.png used on input line 28612.
(pdftex.def)             Requested size: 986.68384pt x 618.30849pt.
File: 102.png Graphic file (type png)
 <use 102.png>
Package pdftex.def Info: 102.png used on input line 28612.
(pdftex.def)             Requested size: 469.755pt x 294.3796pt.
 [481 <./43.png>] [482 <./53.png>] [483 <./63.png>] [484 <./72.png>] [485 <./82
.png>]
[486 <./92.png>] [487 <./102.png>] [488] [489] [490]
<111.png, id=3390, 666.49pt x 299.1175pt>
File: 111.png Graphic file (type png)
 <use 111.png>
Package pdftex.def Info: 111.png used on input line 28895.
(pdftex.def)             Requested size: 666.48837pt x 299.11676pt.
File: 111.png Graphic file (type png)
 <use 111.png>
Package pdftex.def Info: 111.png used on input line 28895.
(pdftex.def)             Requested size: 469.755pt x 210.82765pt.

<121.png, id=3391, 1023.825pt x 175.65625pt>
File: 121.png Graphic file (type png)
 <use 121.png>
Package pdftex.def Info: 121.png used on input line 28901.
(pdftex.def)             Requested size: 1023.8225pt x 175.6558pt.
File: 121.png Graphic file (type png)
 <use 121.png>
Package pdftex.def Info: 121.png used on input line 28901.
(pdftex.def)             Requested size: 469.755pt x 80.59378pt.

<131.png, id=3395, 1185.42876pt x 740.7675pt>
File: 131.png Graphic file (type png)
 <use 131.png>
Package pdftex.def Info: 131.png used on input line 28914.
(pdftex.def)             Requested size: 1185.42586pt x 740.76569pt.
File: 131.png Graphic file (type png)
 <use 131.png>
Package pdftex.def Info: 131.png used on input line 28914.
(pdftex.def)             Requested size: 469.755pt x 293.54376pt.

[491 <./111.png> <./121.png>] <141.png, id=3413, 1003.75pt x 570.13pt>
File: 141.png Graphic file (type png)

<use 141.png>
Package pdftex.def Info: 141.png used on input line 28949.
(pdftex.def)             Requested size: 1003.74756pt x 570.12862pt.
File: 141.png Graphic file (type png)
 <use 141.png>
Package pdftex.def Info: 141.png used on input line 28949.
(pdftex.def)             Requested size: 469.755pt x 266.8215pt.
 <15.png, id=3414, 425.59pt x 272.01625pt>
File: 15.png Graphic file (type png)

<use 15.png>
Package pdftex.def Info: 15.png used on input line 28955.
(pdftex.def)             Requested size: 425.58894pt x 272.01558pt.
File: 15.png Graphic file (type png)
 <use 15.png>
Package pdftex.def Info: 15.png used on input line 28955.
(pdftex.def)             Requested size: 425.58894pt x 272.01558pt.
 [492 <./131.png>] [493 <./141.png> <./15.png>]
Underfull \hbox (badness 10000) in paragraph at lines 28997--28999
[]\T1/ptm/m/n/10 Next, build with cmake com-mand, \T1/pcr/m/n/10 cmake -DCMAKE_
BUILD_TYPE=Release -DCLANG_BUILD
 []

[494]
Underfull \hbox (badness 10000) in paragraph at lines 29081--29084
[]\T1/ptm/m/n/10 3) Up-date my mod-i-fied files to sup-port cpu0 by com-mand, \
T1/pcr/m/n/10 cp -rf /usr/local/llvm/
 []

[495] [496]
Underfull \vbox (badness 10000) detected at line 29249
 []

[497] [498]
Chapter 15.

LaTeX Warning: Hyper reference `about:index-0' on page 499 undefined on input l
ine 29321.


LaTeX Warning: Hyper reference `install:index-0' on page 499 undefined on input
 line 29328.


LaTeX Warning: Hyper reference `install:index-1' on page 499 undefined on input
 line 29335.


LaTeX Warning: Hyper reference `install:index-2' on page 499 undefined on input
 line 29342.


LaTeX Warning: Hyper reference `llvmstructure:index-0' on page 499 undefined on
 input line 29349.

[499

] [500

]
Chapter 16.
[501] [502

]
Chapter 17.
(./TutorialLLVMBackendCpu0.ind)
Package atveryend Info: Empty hook `BeforeClearDocument' on input line 29371.
 [503]
Package atveryend Info: Empty hook `AfterLastShipout' on input line 29371.
 (./TutorialLLVMBackendCpu0.aux)
Package atveryend Info: Executing hook `AtVeryEndDocument' on input line 29371.

Package atveryend Info: Executing hook `AtEndAfterFileList' on input line 29371
.
Package rerunfilecheck Info: File `TutorialLLVMBackendCpu0.out' has not changed
.
(rerunfilecheck)             Checksum: 4A2536B36235C9CEE7E88F5C9F500220;5287.


LaTeX Warning: There were undefined references.

Package atveryend Info: Empty hook `AtVeryVeryEnd' on input line 29371.
 ) 
Here is how much of TeX's memory you used:
 10586 strings out of 493488
 144904 string characters out of 3141326
 413857 words of memory out of 3000000
 12482 multiletter control sequences out of 15000+200000
 74122 words of font info for 84 fonts, out of 3000000 for 9000
 958 hyphenation exceptions out of 8191
 41i,12n,61p,847b,493s stack positions out of 5000i,500n,10000p,200000b,50000s
{/usr/local/texlive/2012/texmf-dist/fonts/enc/dvips/base/8r.enc}</usr/local/t
exlive/2012/texmf-dist/fonts/type1/public/amsfonts/cm/cmsy10.pfb></usr/local/te
xlive/2012/texmf-dist/fonts/type1/urw/courier/ucrb8a.pfb></usr/local/texlive/20
12/texmf-dist/fonts/type1/urw/courier/ucrr8a.pfb></usr/local/texlive/2012/texmf
-dist/fonts/type1/urw/courier/ucrro8a.pfb></usr/local/texlive/2012/texmf-dist/f
onts/type1/urw/helvetic/uhvb8a.pfb></usr/local/texlive/2012/texmf-dist/fonts/ty
pe1/urw/helvetic/uhvbo8a.pfb></usr/local/texlive/2012/texmf-dist/fonts/type1/ur
w/times/utmb8a.pfb></usr/local/texlive/2012/texmf-dist/fonts/type1/urw/times/ut
mr8a.pfb></usr/local/texlive/2012/texmf-dist/fonts/type1/urw/times/utmri8a.pfb>

Output written on TutorialLLVMBackendCpu0.pdf (509 pages, 4905297 bytes).
PDF statistics:
 3780 PDF objects out of 4296 (max. 8388607)
 3109 compressed objects within 32 object streams
 1158 named destinations out of 1200 (max. 500000)
 944 words of extra memory for PDF output out of 10000 (max. 10000000)

